<?xml version="1.0" encoding="utf-8"?>
<TestRun id="efd4ddfc-eb88-4eba-8fe9-0ab9f4283aa7" name="PC@DESKTOP-1LDJV2J 2026-09-14 21:49:03" runUser="DESKTOP-1LDJV2J\PC" xmlns="http://microsoft.com/schemas/VisualStudio/TeamTest/2010">
  <Times creation="2026-09-14T21:49:03.1146048-07:00" queuing="2026-09-14T21:49:03.1146051-07:00" start="2026-09-14T21:49:01.3315995-07:00" finish="2026-09-14T21:49:13.8265515-07:00" />
  <TestSettings name="default" id="e62f9de3-5d28-4532-ba1b-6a1e4b046b0e">
    <Deployment runDeploymentRoot="PC_DESKTOP-1LDJV2J_2026-09-14_21_49_03" />
  </TestSettings>
  <Results>
    <UnitTestResult executionId="744ad970-963a-4f6e-bbee-fd5a325c6bec" testId="cdf68121-6f33-dfe2-f82b-4a4b87f44b3b" testName="CSweet.UnitTests.ComputeMaintenanceSteadyStateTests.Physical_drift_triggers_new_attributed_cleanup_and_a_failed_attempt_invalidates_old_confirmation" computerName="DESKTOP-1LDJV2J" duration="00:00:03.9712985" startTime="2026-09-14T21:49:03.0828962-07:00" endTime="2026-09-14T21:49:07.0322309-07:00" testType="13cdc9d9-ddb5-4fa4-a97d-d965ccfc6d4b" outcome="Passed" testListId="8c84fa94-04c1-424b-9868-57a2d4851a1d" relativeResultsDirectory="744ad970-963a-4f6e-bbee-fd5a325c6bec" />
    <UnitTestResult executionId="fd211b48-6dd5-4e5d-88bd-278c38a50488" testId="2d485484-cfe9-5d37-e3a1-20d657677055" testName="CSweet.UnitTests.ComputeWorkClientTests.Client_rejects_invalid_signature_or_valid_authority_for_different_operation(invalidSignature: True)" computerName="DESKTOP-1LDJV2J" duration="00:00:00.1664215" startTime="2026-09-14T21:49:07.5679468-07:00" endTime="2026-09-14T21:49:07.7325972-07:00" testType="13cdc9d9-ddb5-4fa4-a97d-d965ccfc6d4b" outcome="Passed" testListId="8c84fa94-04c1-424b-9868-57a2d4851a1d" relativeResultsDirectory="fd211b48-6dd5-4e5d-88bd-278c38a50488" />
    <UnitTestResult executionId="a553468d-3c4a-4264-94fa-5736e0ab51b1" testId="d86ab7fd-4ce3-d000-f9e6-365daeec5180" testName="CSweet.UnitTests.ComputeGuestCommandTests.Paths_are_validated_for_guest_platform(os: &quot;linux&quot;, executable: &quot;//server/tool&quot;, directory: &quot;/work&quot;, valid: False)" computerName="DESKTOP-1LDJV2J" duration="00:00:00.0000160" startTime="2026-09-14T21:49:03.1034878-07:00" endTime="2026-09-14T21:49:03.1035341-07:00" testType="13cdc9d9-ddb5-4fa4-a97d-d965ccfc6d4b" outcome="Passed" testListId="8c84fa94-04c1-424b-9868-57a2d4851a1d" relativeResultsDirectory="a553468d-3c4a-4264-94fa-5736e0ab51b1" />
    <UnitTestResult executionId="79c3b12a-424d-43e3-87c6-080cc8114b47" testId="004b375a-280f-999e-00df-df44b651fa72" testName="CSweet.UnitTests.ComputeWorkEndpointTests.Transport_rejects_invalid_requests_before_calling_service(kind: &quot;encoded&quot;, status: 415)" computerName="DESKTOP-1LDJV2J" duration="00:00:00.0000405" startTime="2026-09-14T21:49:03.1265621-07:00" endTime="2026-09-14T21:49:03.1265983-07:00" testType="13cdc9d9-ddb5-4fa4-a97d-d965ccfc6d4b" outcome="Passed" testListId="8c84fa94-04c1-424b-9868-57a2d4851a1d" relativeResultsDirectory="79c3b12a-424d-43e3-87c6-080cc8114b47" />
    <UnitTestResult executionId="e502f45f-0ffa-46f8-987b-d894486dc7d5" testId="725e6a6f-96e9-f624-93cf-6a6642ca9c03" testName="CSweet.UnitTests.ComputeResultOutboxTests.HyperV_executor_records_bootstrapping_without_claiming_guest_readiness" computerName="DESKTOP-1LDJV2J" duration="00:00:00.2087027" startTime="2026-09-14T21:49:08.1152324-07:00" endTime="2026-09-14T21:49:08.3234732-07:00" testType="13cdc9d9-ddb5-4fa4-a97d-d965ccfc6d4b" outcome="Passed" testListId="8c84fa94-04c1-424b-9868-57a2d4851a1d" relativeResultsDirectory="e502f45f-0ffa-46f8-987b-d894486dc7d5" />
    <UnitTestResult executionId="f6b6fceb-55dd-49cb-9f35-8073703a2765" testId="4c0f1d05-58ae-77cc-9926-ccca6b6d0e73" testName="CSweet.UnitTests.ComputeResultWorkerTests.Shutdown_during_delivery_retains_evidence_for_restart_and_duplicate_run_is_rejected" computerName="DESKTOP-1LDJV2J" duration="00:00:00.1811708" startTime="2026-09-14T21:49:06.9103706-07:00" endTime="2026-09-14T21:49:07.0915219-07:00" testType="13cdc9d9-ddb5-4fa4-a97d-d965ccfc6d4b" outcome="Passed" testListId="8c84fa94-04c1-424b-9868-57a2d4851a1d" relativeResultsDirectory="f6b6fceb-55dd-49cb-9f35-8073703a2765" />
    <UnitTestResult executionId="cae416d7-3d15-4ce2-9c6b-2c7cbefa46ec" testId="7aab7169-41be-c6bc-d4d0-cf1380145f5e" testName="CSweet.UnitTests.ComputeAutomaticSetupTests.Missing_provision_approval_does_not_prepare_compute" computerName="DESKTOP-1LDJV2J" duration="00:00:01.3782156" startTime="2026-09-14T21:49:04.7113316-07:00" endTime="2026-09-14T21:49:06.0895997-07:00" testType="13cdc9d9-ddb5-4fa4-a97d-d965ccfc6d4b" outcome="Passed" testListId="8c84fa94-04c1-424b-9868-57a2d4851a1d" relativeResultsDirectory="cae416d7-3d15-4ce2-9c6b-2c7cbefa46ec" />
    <UnitTestResult executionId="19818481-7e41-4caf-ad44-4e9ae71732a0" testId="55851c58-e750-ba22-c206-1e1ff2fca663" testName="CSweet.UnitTests.ComputeBrokerTests.Deleted_or_cross_organization_actor_cannot_request_read_or_discover_resources" computerName="DESKTOP-1LDJV2J" duration="00:00:00.0757133" startTime="2026-09-14T21:49:07.3760248-07:00" endTime="2026-09-14T21:49:07.4517500-07:00" testType="13cdc9d9-ddb5-4fa4-a97d-d965ccfc6d4b" outcome="Passed" testListId="8c84fa94-04c1-424b-9868-57a2d4851a1d" relativeResultsDirectory="19818481-7e41-4caf-ad44-4e9ae71732a0" />
    <UnitTestResult executionId="34eec2bc-7a0f-4ff9-a794-334b60490114" testId="ba623274-9d17-05b5-7505-7418be1d7442" testName="CSweet.UnitTests.ComputeImageCertificationTests.Independent_release_certification_binds_template_controls_payload_and_expiry(scenario: &quot;legacy-purpose&quot;)" computerName="DESKTOP-1LDJV2J" duration="00:00:00.0015946" startTime="2026-09-14T21:49:03.1359983-07:00" endTime="2026-09-14T21:49:03.1376122-07:00" testType="13cdc9d9-ddb5-4fa4-a97d-d965ccfc6d4b" outcome="Passed" testListId="8c84fa94-04c1-424b-9868-57a2d4851a1d" relativeResultsDirectory="34eec2bc-7a0f-4ff9-a794-334b60490114" />
    <UnitTestResult executionId="c65ed259-a149-4eec-a23d-dfe0546788e0" testId="e5b69edf-7728-3205-fdd6-302ba78d5923" testName="CSweet.UnitTests.ComputeProviderCapacityTests.Failed_provision_retains_each_capacity_limit_after_restart(dimension: &quot;disk&quot;)" computerName="DESKTOP-1LDJV2J" duration="00:00:00.1988434" startTime="2026-09-14T21:49:07.0806526-07:00" endTime="2026-09-14T21:49:07.2804236-07:00" testType="13cdc9d9-ddb5-4fa4-a97d-d965ccfc6d4b" outcome="Passed" testListId="8c84fa94-04c1-424b-9868-57a2d4851a1d" relativeResultsDirectory="c65ed259-a149-4eec-a23d-dfe0546788e0" />
    <UnitTestResult executionId="4101d215-2c83-4d20-a496-0de6b5b01f11" testId="0c088ee8-f9fb-c93f-4d43-b63ff23050d8" testName="CSweet.UnitTests.ComputeDispatchIntakeTests.Discovered_but_unclaimed_work_cannot_execute" computerName="DESKTOP-1LDJV2J" duration="00:00:00.1879330" startTime="2026-09-14T21:49:07.6032922-07:00" endTime="2026-09-14T21:49:07.7934258-07:00" testType="13cdc9d9-ddb5-4fa4-a97d-d965ccfc6d4b" outcome="Passed" testListId="8c84fa94-04c1-424b-9868-57a2d4851a1d" relativeResultsDirectory="4101d215-2c83-4d20-a496-0de6b5b01f11" />
    <UnitTestResult executionId="bf54a4e5-e8dd-4fa7-a9ac-07bada74159a" testId="228295dc-ee72-6587-b472-38de1122b31d" testName="CSweet.UnitTests.ComputeDispatchTests.Changed_authority_blocks_before_any_signed_dispatch(scenario: &quot;actor&quot;)" computerName="DESKTOP-1LDJV2J" duration="00:00:00.1523632" startTime="2026-09-14T21:49:07.5890534-07:00" endTime="2026-09-14T21:49:07.7414107-07:00" testType="13cdc9d9-ddb5-4fa4-a97d-d965ccfc6d4b" outcome="Passed" testListId="8c84fa94-04c1-424b-9868-57a2d4851a1d" relativeResultsDirectory="bf54a4e5-e8dd-4fa7-a9ac-07bada74159a" />
    <UnitTestResult executionId="1eb1a5ef-4c2e-4ee0-b9e8-78f863132a48" testId="34b76886-0190-3127-daf1-15102be71a38" testName="CSweet.UnitTests.ComputeImageCertificationTests.Independent_release_certification_binds_template_controls_payload_and_expiry(scenario: &quot;valid&quot;)" computerName="DESKTOP-1LDJV2J" duration="00:00:00.0175261" startTime="2026-09-14T21:49:03.1270941-07:00" endTime="2026-09-14T21:49:03.1279429-07:00" testType="13cdc9d9-ddb5-4fa4-a97d-d965ccfc6d4b" outcome="Passed" testListId="8c84fa94-04c1-424b-9868-57a2d4851a1d" relativeResultsDirectory="1eb1a5ef-4c2e-4ee0-b9e8-78f863132a48" />
    <UnitTestResult executionId="84303655-2f76-4c30-a650-3d744b4ecc1e" testId="b034e25a-72b4-8cd6-8204-29d4f05685b1" testName="CSweet.UnitTests.ComputeRuntimeVerifierTests.Provider_rejects_tampering_and_signed_but_forbidden_shapes(scenario: &quot;observe-with-grants&quot;)" computerName="DESKTOP-1LDJV2J" duration="00:00:00.0856584" startTime="2026-09-14T21:49:07.4981201-07:00" endTime="2026-09-14T21:49:07.5829116-07:00" testType="13cdc9d9-ddb5-4fa4-a97d-d965ccfc6d4b" outcome="Passed" testListId="8c84fa94-04c1-424b-9868-57a2d4851a1d" relativeResultsDirectory="84303655-2f76-4c30-a650-3d744b4ecc1e" />
    <UnitTestResult executionId="03677420-7f84-492f-b69e-2c3cb9318775" testId="a7543915-5dc1-eb60-2ecd-a9f2db8b5b9d" testName="CSweet.UnitTests.ComputeBrokerTests.Disabled_provider_catalog_does_not_prevent_authorized_terminal_state_recovery" computerName="DESKTOP-1LDJV2J" duration="00:00:00.1120254" startTime="2026-09-14T21:49:07.6660130-07:00" endTime="2026-09-14T21:49:07.7778017-07:00" testType="13cdc9d9-ddb5-4fa4-a97d-d965ccfc6d4b" outcome="Passed" testListId="8c84fa94-04c1-424b-9868-57a2d4851a1d" relativeResultsDirectory="03677420-7f84-492f-b69e-2c3cb9318775" />
    <UnitTestResult executionId="e7086000-6c0f-4cf0-9fe4-82a923982324" testId="90a416f1-1b73-57ae-3b42-cae3afa1fc72" testName="CSweet.UnitTests.ComputePostgresTests.Provider_wake_uniqueness_and_publication_receipts_are_relational" computerName="DESKTOP-1LDJV2J" duration="00:00:00.0010000" startTime="2026-09-14T21:49:07.5768490-07:00" endTime="2026-09-14T21:49:07.5768647-07:00" testType="13cdc9d9-ddb5-4fa4-a97d-d965ccfc6d4b" outcome="NotExecuted" testListId="8c84fa94-04c1-424b-9868-57a2d4851a1d" relativeResultsDirectory="e7086000-6c0f-4cf0-9fe4-82a923982324">
      <Output>
        <ErrorInfo>
          <Message>Set CSWEET_COMPUTE_TEST_DATABASE to a disposable loopback PostgreSQL server.</Message>
        </ErrorInfo>
      </Output>
    </UnitTestResult>
    <UnitTestResult executionId="fc378f30-6787-44db-8677-954bd15c3634" testId="f643d6b8-98e1-0c57-a776-237cb0d065c6" testName="CSweet.UnitTests.ComputeLeaseMonitorTests.Missing_journal_faults_the_monitor_without_initializing_or_executing" computerName="DESKTOP-1LDJV2J" duration="00:00:00.2311968" startTime="2026-09-14T21:49:07.8555303-07:00" endTime="2026-09-14T21:49:08.0757883-07:00" testType="13cdc9d9-ddb5-4fa4-a97d-d965ccfc6d4b" outcome="Passed" testListId="8c84fa94-04c1-424b-9868-57a2d4851a1d" relativeResultsDirectory="fc378f30-6787-44db-8677-954bd15c3634" />
    <UnitTestResult executionId="5379b2c4-f946-4fc6-ae51-c2d91f386684" testId="3d88d130-d42e-5c45-8202-ef483d358008" testName="CSweet.UnitTests.ComputeGuestReadinessTests.Framed_exchange_requires_fresh_matching_guest_liveness(scenario: &quot;wrong-version&quot;, expected: False)" computerName="DESKTOP-1LDJV2J" duration="00:00:00.0128915" startTime="2026-09-14T21:49:07.9324186-07:00" endTime="2026-09-14T21:49:07.9466204-07:00" testType="13cdc9d9-ddb5-4fa4-a97d-d965ccfc6d4b" outcome="Passed" testListId="8c84fa94-04c1-424b-9868-57a2d4851a1d" relativeResultsDirectory="5379b2c4-f946-4fc6-ae51-c2d91f386684" />
    <UnitTestResult executionId="74581fd5-b734-4588-b8af-d57381fd1a37" testId="85afa623-73c0-2bdc-6111-872a3a3460b3" testName="CSweet.UnitTests.ComputeRuntimeVerifierTests.Provider_rejects_tampering_and_signed_but_forbidden_shapes(scenario: &quot;expired&quot;)" computerName="DESKTOP-1LDJV2J" duration="00:00:00.1002280" startTime="2026-09-14T21:49:07.1811792-07:00" endTime="2026-09-14T21:49:07.2805939-07:00" testType="13cdc9d9-ddb5-4fa4-a97d-d965ccfc6d4b" outcome="Passed" testListId="8c84fa94-04c1-424b-9868-57a2d4851a1d" relativeResultsDirectory="74581fd5-b734-4588-b8af-d57381fd1a37" />
    <UnitTestResult executionId="c761db28-da45-454c-90e5-f53874c5e89c" testId="8b4e29e1-40c5-e548-292d-3ddb5d88f969" testName="CSweet.UnitTests.ComputeResultWorkerTests.Journal_corruption_escapes_to_supervision_without_transport_retry" computerName="DESKTOP-1LDJV2J" duration="00:00:00.1279781" startTime="2026-09-14T21:49:06.7805234-07:00" endTime="2026-09-14T21:49:06.9092168-07:00" testType="13cdc9d9-ddb5-4fa4-a97d-d965ccfc6d4b" outcome="Passed" testListId="8c84fa94-04c1-424b-9868-57a2d4851a1d" relativeResultsDirectory="c761db28-da45-454c-90e5-f53874c5e89c" />
    <UnitTestResult executionId="64971463-d957-4a58-9ca3-4a57f915d3a1" testId="02cb630d-3167-6495-82ea-107bfcbd3e4f" testName="CSweet.UnitTests.ComputeGuestExecutionTests.Start_failure_still_cleans_up_and_never_reports_an_exit_code" computerName="DESKTOP-1LDJV2J" duration="00:00:00.0128221" startTime="2026-09-14T21:49:03.0835204-07:00" endTime="2026-09-14T21:49:03.1044449-07:00" testType="13cdc9d9-ddb5-4fa4-a97d-d965ccfc6d4b" outcome="Passed" testListId="8c84fa94-04c1-424b-9868-57a2d4851a1d" relativeResultsDirectory="64971463-d957-4a58-9ca3-4a57f915d3a1" />
    <UnitTestResult executionId="5781310b-3931-4b64-9326-3a51b770f8cc" testId="90aaacd8-6573-ce66-411e-717a0786b93d" testName="CSweet.UnitTests.ComputeHyperVScriptTests.Fixed_commands_parse_in_the_actual_helper_without_executing_hypervisor_operations(name: &quot;create&quot;)" computerName="DESKTOP-1LDJV2J" duration="00:00:00.1636382" startTime="2026-09-14T21:49:04.3100202-07:00" endTime="2026-09-14T21:49:04.4737130-07:00" testType="13cdc9d9-ddb5-4fa4-a97d-d965ccfc6d4b" outcome="Passed" testListId="8c84fa94-04c1-424b-9868-57a2d4851a1d" relativeResultsDirectory="5781310b-3931-4b64-9326-3a51b770f8cc" />
    <UnitTestResult executionId="e86fc696-3c76-42fa-a4d0-5cac675ed379" testId="8ead4143-dc23-48b7-45ee-ad49109890f1" testName="CSweet.UnitTests.ComputeGuestResponderTests.Guest_reports_actual_platform_and_runtime_readiness(acceptingWork: False)" computerName="DESKTOP-1LDJV2J" duration="00:00:00.0148726" startTime="2026-09-14T21:49:06.8166085-07:00" endTime="2026-09-14T21:49:06.8304281-07:00" testType="13cdc9d9-ddb5-4fa4-a97d-d965ccfc6d4b" outcome="Passed" testListId="8c84fa94-04c1-424b-9868-57a2d4851a1d" relativeResultsDirectory="e86fc696-3c76-42fa-a4d0-5cac675ed379" />
    <UnitTestResult executionId="48017b62-f81a-4a3d-9849-ec07da84341e" testId="a6e727ad-7da2-847e-e8bd-c3886e8bdbdb" testName="CSweet.UnitTests.ComputeMaintenanceJournalFailureTests.Earlier_journal_formats_cannot_invent_missing_provisioning_attribution(version: 2)" computerName="DESKTOP-1LDJV2J" duration="00:00:00.2203199" startTime="2026-09-14T21:49:07.7125687-07:00" endTime="2026-09-14T21:49:07.9506515-07:00" testType="13cdc9d9-ddb5-4fa4-a97d-d965ccfc6d4b" outcome="Passed" testListId="8c84fa94-04c1-424b-9868-57a2d4851a1d" relativeResultsDirectory="48017b62-f81a-4a3d-9849-ec07da84341e" />
    <UnitTestResult executionId="a83867e0-72b2-450f-b47f-97dcaafd0f8f" testId="8bbc2ad7-8d36-58af-6129-1bf43b0c55a2" testName="CSweet.UnitTests.ComputeObservationWorkerTests.Authority_failure_escapes_without_retrying_or_changing_evidence" computerName="DESKTOP-1LDJV2J" duration="00:00:00.2157821" startTime="2026-09-14T21:49:07.0919072-07:00" endTime="2026-09-14T21:49:07.3198081-07:00" testType="13cdc9d9-ddb5-4fa4-a97d-d965ccfc6d4b" outcome="Passed" testListId="8c84fa94-04c1-424b-9868-57a2d4851a1d" relativeResultsDirectory="a83867e0-72b2-450f-b47f-97dcaafd0f8f" />
    <UnitTestResult executionId="6e7b679e-5893-4e9d-a98d-c4c54d4358da" testId="a092ba55-cf2f-1fe6-4863-379deb7860bc" testName="CSweet.UnitTests.ComputeDownloadProgressTests.EstimatesUseObservedGrowthAndClearWhenStalledRestartedOrFinished" computerName="DESKTOP-1LDJV2J" duration="00:00:00.0113332" startTime="2026-09-14T21:49:06.7768692-07:00" endTime="2026-09-14T21:49:06.7882044-07:00" testType="13cdc9d9-ddb5-4fa4-a97d-d965ccfc6d4b" outcome="Passed" testListId="8c84fa94-04c1-424b-9868-57a2d4851a1d" relativeResultsDirectory="6e7b679e-5893-4e9d-a98d-c4c54d4358da" />
    <UnitTestResult executionId="2b0487dc-95a8-4c75-ba61-76695bb2784f" testId="ae491a77-6390-d669-1b5c-a12e939f5b94" testName="CSweet.UnitTests.ComputeHyperVTests.Unsupported_network_is_rejected_before_any_host_command" computerName="DESKTOP-1LDJV2J" duration="00:00:00.0111536" startTime="2026-09-14T21:49:07.3081124-07:00" endTime="2026-09-14T21:49:07.3193729-07:00" testType="13cdc9d9-ddb5-4fa4-a97d-d965ccfc6d4b" outcome="Passed" testListId="8c84fa94-04c1-424b-9868-57a2d4851a1d" relativeResultsDirectory="2b0487dc-95a8-4c75-ba61-76695bb2784f" />
    <UnitTestResult executionId="6b0e8992-d0f7-4a33-a7d0-91fa907b0142" testId="2fef0b42-f327-0a1b-404a-70ea52ba5060" testName="CSweet.UnitTests.ComputeGuestExecutionTests.Concurrent_work_is_rejected_without_creating_another_process" computerName="DESKTOP-1LDJV2J" duration="00:00:00.0018183" startTime="2026-09-14T21:49:04.3165178-07:00" endTime="2026-09-14T21:49:04.3184509-07:00" testType="13cdc9d9-ddb5-4fa4-a97d-d965ccfc6d4b" outcome="Passed" testListId="8c84fa94-04c1-424b-9868-57a2d4851a1d" relativeResultsDirectory="6b0e8992-d0f7-4a33-a7d0-91fa907b0142" />
    <UnitTestResult executionId="b3292491-b66a-4874-935e-d96bb3a68489" testId="07cf591f-47fd-771d-61a5-7a9872ed774c" testName="CSweet.UnitTests.ComputeRuntimeVerifierTests.Provider_rejects_tampering_and_signed_but_forbidden_shapes(scenario: &quot;oversized-lifetime&quot;)" computerName="DESKTOP-1LDJV2J" duration="00:00:00.0808888" startTime="2026-09-14T21:49:07.8618743-07:00" endTime="2026-09-14T21:49:07.9427017-07:00" testType="13cdc9d9-ddb5-4fa4-a97d-d965ccfc6d4b" outcome="Passed" testListId="8c84fa94-04c1-424b-9868-57a2d4851a1d" relativeResultsDirectory="b3292491-b66a-4874-935e-d96bb3a68489" />
    <UnitTestResult executionId="deeb167c-8ae8-4678-9498-793bf0ad85d7" testId="05f22b43-4c21-e8ee-faa8-790a4c6e6ca7" testName="CSweet.UnitTests.ComputeMaintenanceHttpTests.Redirects_or_unexpected_acknowledgements_leave_provider_evidence_pending(mode: &quot;oversized-ack&quot;)" computerName="DESKTOP-1LDJV2J" duration="00:00:00.3608135" startTime="2026-09-14T21:49:07.6778158-07:00" endTime="2026-09-14T21:49:08.0388854-07:00" testType="13cdc9d9-ddb5-4fa4-a97d-d965ccfc6d4b" outcome="Passed" testListId="8c84fa94-04c1-424b-9868-57a2d4851a1d" relativeResultsDirectory="deeb167c-8ae8-4678-9498-793bf0ad85d7" />
    <UnitTestResult executionId="9b56da87-1b3f-481b-9343-b9a95cf38bed" testId="5e1635fd-7105-5737-10d5-058a43204cf9" testName="CSweet.UnitTests.ComputeReplayJournalTests.Windows_acl_guard_rejects_unprivileged_writers" computerName="DESKTOP-1LDJV2J" duration="00:00:00.0005750" startTime="2026-09-14T21:49:07.8878295-07:00" endTime="2026-09-14T21:49:07.8878746-07:00" testType="13cdc9d9-ddb5-4fa4-a97d-d965ccfc6d4b" outcome="Passed" testListId="8c84fa94-04c1-424b-9868-57a2d4851a1d" relativeResultsDirectory="9b56da87-1b3f-481b-9343-b9a95cf38bed" />
    <UnitTestResult executionId="f6708b5d-2be9-4055-9629-5d3cf9976599" testId="3da072bf-8359-5cba-af9d-f5096a5bb914" testName="CSweet.UnitTests.ComputeWorkloadPermissionTests.Worker_identity_matches_the_actual_hypervisor_account_after_vm_removal" computerName="DESKTOP-1LDJV2J" duration="00:00:00.0043285" startTime="2026-09-14T21:49:03.1031346-07:00" endTime="2026-09-14T21:49:03.1096377-07:00" testType="13cdc9d9-ddb5-4fa4-a97d-d965ccfc6d4b" outcome="Passed" testListId="8c84fa94-04c1-424b-9868-57a2d4851a1d" relativeResultsDirectory="f6708b5d-2be9-4055-9629-5d3cf9976599" />
    <UnitTestResult executionId="486c4d43-d006-45b2-98a3-1cea1c84da09" testId="98476904-210f-29c2-e305-ec5d9ea8b42f" testName="CSweet.UnitTests.ComputePostgresTests.Concurrent_triggers_retry_to_one_reservation" computerName="DESKTOP-1LDJV2J" duration="00:00:00.0010000" startTime="2026-09-14T21:49:07.5725034-07:00" endTime="2026-09-14T21:49:07.5729791-07:00" testType="13cdc9d9-ddb5-4fa4-a97d-d965ccfc6d4b" outcome="NotExecuted" testListId="8c84fa94-04c1-424b-9868-57a2d4851a1d" relativeResultsDirectory="486c4d43-d006-45b2-98a3-1cea1c84da09">
      <Output>
        <ErrorInfo>
          <Message>Set CSWEET_COMPUTE_TEST_DATABASE to a disposable loopback PostgreSQL server.</Message>
        </ErrorInfo>
      </Output>
    </UnitTestResult>
    <UnitTestResult executionId="621b3b5b-98d9-4421-bdc0-1aa7727c1985" testId="9e7a9700-30ed-75fb-9a07-9029add0fec8" testName="CSweet.UnitTests.ComputePolicyTests.Automatic_cleanup_distinguishes_ephemeral_from_durable_infrastructure(persistence: Ephemeral, expected: True)" computerName="DESKTOP-1LDJV2J" duration="00:00:00.0002583" startTime="2026-09-14T21:49:07.5718735-07:00" endTime="2026-09-14T21:49:07.5719355-07:00" testType="13cdc9d9-ddb5-4fa4-a97d-d965ccfc6d4b" outcome="Passed" testListId="8c84fa94-04c1-424b-9868-57a2d4851a1d" relativeResultsDirectory="621b3b5b-98d9-4421-bdc0-1aa7727c1985" />
    <UnitTestResult executionId="9b1d80e3-b6f4-4962-b482-1b59beb6f023" testId="9d0eafc8-027e-51bd-1895-8153fad30010" testName="CSweet.UnitTests.ComputeMaintenanceIngestorTests.Invalid_node_evidence_or_changed_provisioning_terms_are_rejected_and_audited(scenario: &quot;revoked&quot;)" computerName="DESKTOP-1LDJV2J" duration="00:00:00.2163588" startTime="2026-09-14T21:49:08.3943519-07:00" endTime="2026-09-14T21:49:08.6109971-07:00" testType="13cdc9d9-ddb5-4fa4-a97d-d965ccfc6d4b" outcome="Passed" testListId="8c84fa94-04c1-424b-9868-57a2d4851a1d" relativeResultsDirectory="9b1d80e3-b6f4-4962-b482-1b59beb6f023" />
    <UnitTestResult executionId="e15fd412-2a27-4dea-80b2-5ccef139036a" testId="38b0e8fa-ec34-7ba3-0011-eb50a604188e" testName="CSweet.UnitTests.ComputeObservationRecoveryTests.Expired_evidence_requires_fresh_core_claim_and_physical_observation_before_new_sequence" computerName="DESKTOP-1LDJV2J" duration="00:00:03.8902453" startTime="2026-09-14T21:49:03.1256905-07:00" endTime="2026-09-14T21:49:06.9781051-07:00" testType="13cdc9d9-ddb5-4fa4-a97d-d965ccfc6d4b" outcome="Passed" testListId="8c84fa94-04c1-424b-9868-57a2d4851a1d" relativeResultsDirectory="e15fd412-2a27-4dea-80b2-5ccef139036a" />
    <UnitTestResult executionId="a057e7aa-3356-4fbf-8500-c8264890c576" testId="89ad8ac1-3a61-6747-e020-2964918b443d" testName="CSweet.UnitTests.ComputeLeaseEnforcementTests.Unknown_environment_has_no_local_cleanup_authority" computerName="DESKTOP-1LDJV2J" duration="00:00:00.1598026" startTime="2026-09-14T21:49:08.4496636-07:00" endTime="2026-09-14T21:49:08.6095409-07:00" testType="13cdc9d9-ddb5-4fa4-a97d-d965ccfc6d4b" outcome="Passed" testListId="8c84fa94-04c1-424b-9868-57a2d4851a1d" relativeResultsDirectory="a057e7aa-3356-4fbf-8500-c8264890c576" />
    <UnitTestResult executionId="fd1310ee-cb56-46d3-a0c5-8705c53f2a04" testId="ac77058a-efac-6f44-c3ab-4bb8a575f391" testName="CSweet.UnitTests.ComputeAuthenticatedSessionTests.Issued_session_discovers_approved_compute_tool_and_reuses_one_durable_request" computerName="DESKTOP-1LDJV2J" duration="00:00:00.0916448" startTime="2026-09-14T21:49:07.9456190-07:00" endTime="2026-09-14T21:49:08.0364260-07:00" testType="13cdc9d9-ddb5-4fa4-a97d-d965ccfc6d4b" outcome="Passed" testListId="8c84fa94-04c1-424b-9868-57a2d4851a1d" relativeResultsDirectory="fd1310ee-cb56-46d3-a0c5-8705c53f2a04" />
    <UnitTestResult executionId="96e65a9f-adde-4388-abf5-6a867279db5c" testId="9400f536-ec66-52af-cb6b-9dd467027065" testName="CSweet.UnitTests.ComputeLifecycleTests.Expired_lease_blocks_activation_but_allows_explicit_destruction" computerName="DESKTOP-1LDJV2J" duration="00:00:00.0785979" startTime="2026-09-14T21:49:07.0754784-07:00" endTime="2026-09-14T21:49:07.1385242-07:00" testType="13cdc9d9-ddb5-4fa4-a97d-d965ccfc6d4b" outcome="Passed" testListId="8c84fa94-04c1-424b-9868-57a2d4851a1d" relativeResultsDirectory="96e65a9f-adde-4388-abf5-6a867279db5c" />
    <UnitTestResult executionId="fd8e3475-1dbe-4790-b5ec-242f8a66c6ff" testId="01cf12eb-c6e1-8434-3d29-085bde91c7cb" testName="CSweet.UnitTests.ComputeBrokerTests.Replays_and_distinct_trigger_keys_share_one_environment_operation_and_wake" computerName="DESKTOP-1LDJV2J" duration="00:00:00.1045026" startTime="2026-09-14T21:49:07.5024169-07:00" endTime="2026-09-14T21:49:07.6068548-07:00" testType="13cdc9d9-ddb5-4fa4-a97d-d965ccfc6d4b" outcome="Passed" testListId="8c84fa94-04c1-424b-9868-57a2d4851a1d" relativeResultsDirectory="fd8e3475-1dbe-4790-b5ec-242f8a66c6ff" />
    <UnitTestResult executionId="0a36f3ac-5c60-4895-a64d-7fb83413815f" testId="1c42d58b-e67c-2ee3-670a-8bfa3c0b5e01" testName="CSweet.UnitTests.ComputePolicyTests.Quota_counts_unconfirmed_failed_and_stopped_environments" computerName="DESKTOP-1LDJV2J" duration="00:00:00.0003033" startTime="2026-09-14T21:49:07.5720858-07:00" endTime="2026-09-14T21:49:07.5721402-07:00" testType="13cdc9d9-ddb5-4fa4-a97d-d965ccfc6d4b" outcome="Passed" testListId="8c84fa94-04c1-424b-9868-57a2d4851a1d" relativeResultsDirectory="0a36f3ac-5c60-4895-a64d-7fb83413815f" />
    <UnitTestResult executionId="6780d29c-3ff2-4409-a7df-52852a9a9b1d" testId="08e53fdb-ab08-e0d7-f748-a9292bfb9cb3" testName="CSweet.UnitTests.ComputeProvisionActivationTests.Lost_activation_response_recovers_running_identity_without_repeating_start" computerName="DESKTOP-1LDJV2J" duration="00:00:00.1931161" startTime="2026-09-14T21:49:06.9143206-07:00" endTime="2026-09-14T21:49:07.1094894-07:00" testType="13cdc9d9-ddb5-4fa4-a97d-d965ccfc6d4b" outcome="Passed" testListId="8c84fa94-04c1-424b-9868-57a2d4851a1d" relativeResultsDirectory="6780d29c-3ff2-4409-a7df-52852a9a9b1d" />
    <UnitTestResult executionId="97a3a329-1e96-4e55-bddd-eac0caa3f9bf" testId="3b0b7fd0-3546-4d07-5837-40e0d7123f22" testName="CSweet.UnitTests.ComputeHyperVScriptTests.Fixed_commands_parse_in_the_actual_helper_without_executing_hypervisor_operations(name: &quot;discover&quot;)" computerName="DESKTOP-1LDJV2J" duration="00:00:00.2367325" startTime="2026-09-14T21:49:04.4739149-07:00" endTime="2026-09-14T21:49:04.7109333-07:00" testType="13cdc9d9-ddb5-4fa4-a97d-d965ccfc6d4b" outcome="Passed" testListId="8c84fa94-04c1-424b-9868-57a2d4851a1d" relativeResultsDirectory="97a3a329-1e96-4e55-bddd-eac0caa3f9bf" />
    <UnitTestResult executionId="ba8e988b-d7e1-4071-a545-3c0d808478db" testId="b853cdcd-e627-e8b8-b6d6-65223bca51e2" testName="CSweet.UnitTests.ComputeBrokerTests.Quota_and_current_actor_authority_are_required_before_any_admission" computerName="DESKTOP-1LDJV2J" duration="00:00:00.0504441" startTime="2026-09-14T21:49:07.4519691-07:00" endTime="2026-09-14T21:49:07.5022346-07:00" testType="13cdc9d9-ddb5-4fa4-a97d-d965ccfc6d4b" outcome="Passed" testListId="8c84fa94-04c1-424b-9868-57a2d4851a1d" relativeResultsDirectory="ba8e988b-d7e1-4071-a545-3c0d808478db" />
    <UnitTestResult executionId="a21d6dab-3b84-4ffe-8b48-1cc4c172d2d7" testId="6303728e-3c5b-344f-df76-537e3431e3b4" testName="CSweet.UnitTests.ComputeWorkEndpointTests.Transport_rejects_invalid_requests_before_calling_service(kind: &quot;declared&quot;, status: 413)" computerName="DESKTOP-1LDJV2J" duration="00:00:00.0001876" startTime="2026-09-14T21:49:03.1268160-07:00" endTime="2026-09-14T21:49:03.1268380-07:00" testType="13cdc9d9-ddb5-4fa4-a97d-d965ccfc6d4b" outcome="Passed" testListId="8c84fa94-04c1-424b-9868-57a2d4851a1d" relativeResultsDirectory="a21d6dab-3b84-4ffe-8b48-1cc4c172d2d7" />
    <UnitTestResult executionId="56448700-cf9a-49a6-a1c3-a6b7440142bc" testId="96482e84-7b70-f3da-a55c-6c4f410b4a61" testName="CSweet.UnitTests.ComputeProvisioningSettingsTests.Installed_settings_bind_catalog_and_release_outside_mutable_roots(scenario: &quot;version&quot;)" computerName="DESKTOP-1LDJV2J" duration="00:00:00.2054673" startTime="2026-09-14T21:49:07.3333227-07:00" endTime="2026-09-14T21:49:07.5399514-07:00" testType="13cdc9d9-ddb5-4fa4-a97d-d965ccfc6d4b" outcome="Passed" testListId="8c84fa94-04c1-424b-9868-57a2d4851a1d" relativeResultsDirectory="56448700-cf9a-49a6-a1c3-a6b7440142bc" />
    <UnitTestResult executionId="c6675c18-81cf-49d2-bb1b-2ac4d19d6cc2" testId="cdd50bbc-e93c-e19b-6f7f-9ffd8ced6cd5" testName="CSweet.UnitTests.ComputeLifecycleTests.Lifecycle_records_new_generation_with_current_authority(action: &quot;compute.start.v1&quot;, state: Stopped, desired: Running)" computerName="DESKTOP-1LDJV2J" duration="00:00:00.0847073" startTime="2026-09-14T21:49:07.3083467-07:00" endTime="2026-09-14T21:49:07.3929735-07:00" testType="13cdc9d9-ddb5-4fa4-a97d-d965ccfc6d4b" outcome="Passed" testListId="8c84fa94-04c1-424b-9868-57a2d4851a1d" relativeResultsDirectory="c6675c18-81cf-49d2-bb1b-2ac4d19d6cc2" />
    <UnitTestResult executionId="b6779d6b-ff5e-4bcb-8bc4-b07e1413199e" testId="706a1f43-c8c2-3278-455c-1a90db037921" testName="CSweet.UnitTests.ComputeMaintenanceIngestorTests.Invalid_node_evidence_or_changed_provisioning_terms_are_rejected_and_audited(scenario: &quot;action&quot;)" computerName="DESKTOP-1LDJV2J" duration="00:00:00.0766831" startTime="2026-09-14T21:49:08.9079878-07:00" endTime="2026-09-14T21:49:08.9848210-07:00" testType="13cdc9d9-ddb5-4fa4-a97d-d965ccfc6d4b" outcome="Passed" testListId="8c84fa94-04c1-424b-9868-57a2d4851a1d" relativeResultsDirectory="b6779d6b-ff5e-4bcb-8bc4-b07e1413199e" />
    <UnitTestResult executionId="4d1f3faf-d3c5-4089-880d-c3b43e22f4f0" testId="3f2ebb01-fa79-a46a-c36b-d7342fe01fa4" testName="CSweet.UnitTests.ComputeResultEndpointTests.Signer_cannot_change_scope_or_refresh_expired_observation_or_invent_teardown" computerName="DESKTOP-1LDJV2J" duration="00:00:00.0668796" startTime="2026-09-14T21:49:07.3810695-07:00" endTime="2026-09-14T21:49:07.4475632-07:00" testType="13cdc9d9-ddb5-4fa4-a97d-d965ccfc6d4b" outcome="Passed" testListId="8c84fa94-04c1-424b-9868-57a2d4851a1d" relativeResultsDirectory="4d1f3faf-d3c5-4089-880d-c3b43e22f4f0" />
    <UnitTestResult executionId="b72087da-78d8-465f-a55d-3f11932b4bfb" testId="d3e6fecf-a48d-620a-2a7a-17a63ec5490a" testName="CSweet.UnitTests.ComputeWorkloadDispatchTests.Dispatch_binds_command_bytes_and_observation_cannot_reexecute_them" computerName="DESKTOP-1LDJV2J" duration="00:00:00.0856391" startTime="2026-09-14T21:49:06.7283933-07:00" endTime="2026-09-14T21:49:06.8144729-07:00" testType="13cdc9d9-ddb5-4fa4-a97d-d965ccfc6d4b" outcome="Passed" testListId="8c84fa94-04c1-424b-9868-57a2d4851a1d" relativeResultsDirectory="b72087da-78d8-465f-a55d-3f11932b4bfb" />
    <UnitTestResult executionId="85070838-f9d6-42d7-8b58-93ca46fbfd5c" testId="bf14a93e-25e0-bddb-3f60-e98335ec155c" testName="CSweet.UnitTests.ComputePostgresTests.Concurrent_dispatch_claims_return_one_executable_packet" computerName="DESKTOP-1LDJV2J" duration="00:00:00.0010000" startTime="2026-09-14T21:49:07.5771103-07:00" endTime="2026-09-14T21:49:07.5771332-07:00" testType="13cdc9d9-ddb5-4fa4-a97d-d965ccfc6d4b" outcome="NotExecuted" testListId="8c84fa94-04c1-424b-9868-57a2d4851a1d" relativeResultsDirectory="85070838-f9d6-42d7-8b58-93ca46fbfd5c">
      <Output>
        <ErrorInfo>
          <Message>Set CSWEET_COMPUTE_TEST_DATABASE to a disposable loopback PostgreSQL server.</Message>
        </ErrorInfo>
      </Output>
    </UnitTestResult>
    <UnitTestResult executionId="ac110b1f-9eae-48e0-b335-dfb5765715cc" testId="6fb8f824-bcce-5198-c5ea-996e808b69a4" testName="CSweet.UnitTests.ComputePostgresTests.Registry_survives_restart_and_database_rejects_cross_organization_placement" computerName="DESKTOP-1LDJV2J" duration="00:00:00.0010000" startTime="2026-09-14T21:49:07.5766232-07:00" endTime="2026-09-14T21:49:07.5766419-07:00" testType="13cdc9d9-ddb5-4fa4-a97d-d965ccfc6d4b" outcome="NotExecuted" testListId="8c84fa94-04c1-424b-9868-57a2d4851a1d" relativeResultsDirectory="ac110b1f-9eae-48e0-b335-dfb5765715cc">
      <Output>
        <ErrorInfo>
          <Message>Set CSWEET_COMPUTE_TEST_DATABASE to a disposable loopback PostgreSQL server.</Message>
        </ErrorInfo>
      </Output>
    </UnitTestResult>
    <UnitTestResult executionId="6ba0e5b1-a74f-41bf-9e26-5f5d8add5ff2" testId="6b7d63f2-92a1-e0e0-e361-7310f59715be" testName="CSweet.UnitTests.ComputeResultDispatcherTests.Cursor_passes_a_full_page_of_expired_results_to_deliver_fresh_evidence" computerName="DESKTOP-1LDJV2J" duration="00:00:02.5691881" startTime="2026-09-14T21:49:07.5869325-07:00" endTime="2026-09-14T21:49:10.1558211-07:00" testType="13cdc9d9-ddb5-4fa4-a97d-d965ccfc6d4b" outcome="Passed" testListId="8c84fa94-04c1-424b-9868-57a2d4851a1d" relativeResultsDirectory="6ba0e5b1-a74f-41bf-9e26-5f5d8add5ff2" />
    <UnitTestResult executionId="df6317d7-8d4d-4156-b534-f964c6104407" testId="0770b0f8-f4d1-0c6c-6bc0-be3b43ea2e3f" testName="CSweet.UnitTests.ComputeRuntimeVerifierTests.Provider_rejects_tampering_and_signed_but_forbidden_shapes(scenario: &quot;network-grant&quot;)" computerName="DESKTOP-1LDJV2J" duration="00:00:00.1363504" startTime="2026-09-14T21:49:07.7254362-07:00" endTime="2026-09-14T21:49:07.8617201-07:00" testType="13cdc9d9-ddb5-4fa4-a97d-d965ccfc6d4b" outcome="Passed" testListId="8c84fa94-04c1-424b-9868-57a2d4851a1d" relativeResultsDirectory="df6317d7-8d4d-4156-b534-f964c6104407" />
    <UnitTestResult executionId="51dd8a42-b2de-407f-890c-6285004fa9a2" testId="903235a1-d2f3-326e-b7c3-d8dfc66200de" testName="CSweet.UnitTests.ComputePolicyTests.Resource_constraints_are_enforced_without_overflow(cpu: 2, memory: 4096, disk: 40961, gpu: 0)" computerName="DESKTOP-1LDJV2J" duration="00:00:00.0003400" startTime="2026-09-14T21:49:07.5526463-07:00" endTime="2026-09-14T21:49:07.5530018-07:00" testType="13cdc9d9-ddb5-4fa4-a97d-d965ccfc6d4b" outcome="Passed" testListId="8c84fa94-04c1-424b-9868-57a2d4851a1d" relativeResultsDirectory="51dd8a42-b2de-407f-890c-6285004fa9a2" />
    <UnitTestResult executionId="8f7f0a00-ed14-4623-b51d-17de56cf135d" testId="ec72003e-da21-6274-7ffe-d6db4c04a2f1" testName="CSweet.UnitTests.ComputeDownloadProgressTests.UnknownOrInconsistentTotalDoesNotFabricateAnEta" computerName="DESKTOP-1LDJV2J" duration="00:00:00.0003199" startTime="2026-09-14T21:49:06.8024129-07:00" endTime="2026-09-14T21:49:06.8025898-07:00" testType="13cdc9d9-ddb5-4fa4-a97d-d965ccfc6d4b" outcome="Passed" testListId="8c84fa94-04c1-424b-9868-57a2d4851a1d" relativeResultsDirectory="8f7f0a00-ed14-4623-b51d-17de56cf135d" />
    <UnitTestResult executionId="12ec6ab5-784d-445b-9a58-ad505a935f0c" testId="65b725b1-e32c-20e3-bad7-debe5ec7af31" testName="CSweet.UnitTests.ComputeDispatchIntakeTests.Invalid_discovery_or_claim_never_reaches_physical_execution(scenario: &quot;bad-cursor&quot;)" computerName="DESKTOP-1LDJV2J" duration="00:00:00.1656685" startTime="2026-09-14T21:49:07.0776502-07:00" endTime="2026-09-14T21:49:07.2444901-07:00" testType="13cdc9d9-ddb5-4fa4-a97d-d965ccfc6d4b" outcome="Passed" testListId="8c84fa94-04c1-424b-9868-57a2d4851a1d" relativeResultsDirectory="12ec6ab5-784d-445b-9a58-ad505a935f0c" />
    <UnitTestResult executionId="6c94e624-1a8c-43e9-bf07-12f0c8dc27ae" testId="71b68585-7eac-e06f-4a03-e711eab45aba" testName="CSweet.UnitTests.ComputeLeaseMonitorTests.Wake_hints_and_timer_recovery_both_read_current_persisted_leases(sendWake: True)" computerName="DESKTOP-1LDJV2J" duration="00:00:00.1277587" startTime="2026-09-14T21:49:08.3740428-07:00" endTime="2026-09-14T21:49:08.5008179-07:00" testType="13cdc9d9-ddb5-4fa4-a97d-d965ccfc6d4b" outcome="Passed" testListId="8c84fa94-04c1-424b-9868-57a2d4851a1d" relativeResultsDirectory="6c94e624-1a8c-43e9-bf07-12f0c8dc27ae" />
    <UnitTestResult executionId="ef3bd298-d158-4174-a066-6d9e93e7bfec" testId="90a0e3e4-f793-a6d4-be46-68b20fefe029" testName="CSweet.UnitTests.ComputeProviderWakeChannelsTests.Publication_reaches_only_exact_scope_and_offline_recipients_are_not_acknowledged" computerName="DESKTOP-1LDJV2J" duration="00:00:00.0009444" startTime="2026-09-14T21:49:03.1094884-07:00" endTime="2026-09-14T21:49:03.1099686-07:00" testType="13cdc9d9-ddb5-4fa4-a97d-d965ccfc6d4b" outcome="Passed" testListId="8c84fa94-04c1-424b-9868-57a2d4851a1d" relativeResultsDirectory="ef3bd298-d158-4174-a066-6d9e93e7bfec" />
    <UnitTestResult executionId="0e7c23ab-0bb1-4f42-bf7c-0be9642b4dc7" testId="8f49cbdc-ce6e-f8d1-0766-7f9946c5d457" testName="CSweet.UnitTests.ComputeProviderMaintenanceSupervisorTests.Executor_wakes_delivery_after_cleanup_without_waiting_for_recovery_timer" computerName="DESKTOP-1LDJV2J" duration="00:00:00.2565396" startTime="2026-09-14T21:49:07.0002611-07:00" endTime="2026-09-14T21:49:07.2573350-07:00" testType="13cdc9d9-ddb5-4fa4-a97d-d965ccfc6d4b" outcome="Passed" testListId="8c84fa94-04c1-424b-9868-57a2d4851a1d" relativeResultsDirectory="0e7c23ab-0bb1-4f42-bf7c-0be9642b4dc7" />
    <UnitTestResult executionId="ebe4190c-2ed8-4577-adb3-7b49d7a1005a" testId="35fcaf88-aac2-ca16-eca9-0b482c652895" testName="CSweet.UnitTests.ComputeBrokerTests.Until_release_admission_is_retained_and_explicit_destroy_still_works" computerName="DESKTOP-1LDJV2J" duration="00:00:00.1141690" startTime="2026-09-14T21:49:07.7787689-07:00" endTime="2026-09-14T21:49:07.8920623-07:00" testType="13cdc9d9-ddb5-4fa4-a97d-d965ccfc6d4b" outcome="Passed" testListId="8c84fa94-04c1-424b-9868-57a2d4851a1d" relativeResultsDirectory="ebe4190c-2ed8-4577-adb3-7b49d7a1005a" />
    <UnitTestResult executionId="210ade4f-e28e-4ae0-b5d8-dd782388d25d" testId="983d9a59-5352-33f5-045b-d04d69d494be" testName="CSweet.UnitTests.ComputeProvisioningFallbackTests.Rejected_catalog_disables_provisioning_without_hiding_shutdown(scenario: &quot;cancelled&quot;)" computerName="DESKTOP-1LDJV2J" duration="00:00:00.1407820" startTime="2026-09-14T21:49:07.1926577-07:00" endTime="2026-09-14T21:49:07.3398518-07:00" testType="13cdc9d9-ddb5-4fa4-a97d-d965ccfc6d4b" outcome="Passed" testListId="8c84fa94-04c1-424b-9868-57a2d4851a1d" relativeResultsDirectory="210ade4f-e28e-4ae0-b5d8-dd782388d25d" />
    <UnitTestResult executionId="3ac9128f-2b29-4c1d-8e1f-4a882544aaf1" testId="4a98d3d5-7664-75d0-7269-36a9cc20b3ae" testName="CSweet.UnitTests.ComputeMaintenanceJournalFailureTests.Failed_post_effect_persistence_retains_request_without_inventing_a_physical_failure" computerName="DESKTOP-1LDJV2J" duration="00:00:00.1892544" startTime="2026-09-14T21:49:08.1310546-07:00" endTime="2026-09-14T21:49:08.3206314-07:00" testType="13cdc9d9-ddb5-4fa4-a97d-d965ccfc6d4b" outcome="Passed" testListId="8c84fa94-04c1-424b-9868-57a2d4851a1d" relativeResultsDirectory="3ac9128f-2b29-4c1d-8e1f-4a882544aaf1" />
    <UnitTestResult executionId="eb4569de-66af-45b7-8192-c0d46fde67b4" testId="8c319de5-1362-7b26-f167-2f9635759585" testName="CSweet.UnitTests.ComputeProviderCapacityTests.Duplicate_and_unconfirmed_destroy_retain_capacity_and_recreation_is_fenced" computerName="DESKTOP-1LDJV2J" duration="00:00:00.1939272" startTime="2026-09-14T21:49:07.4860114-07:00" endTime="2026-09-14T21:49:07.6824436-07:00" testType="13cdc9d9-ddb5-4fa4-a97d-d965ccfc6d4b" outcome="Passed" testListId="8c84fa94-04c1-424b-9868-57a2d4851a1d" relativeResultsDirectory="eb4569de-66af-45b7-8192-c0d46fde67b4" />
    <UnitTestResult executionId="8eb8f546-2a44-4090-858e-f25ab38cc030" testId="3becde27-9dab-e959-3f6c-abf05ecc524f" testName="CSweet.UnitTests.ComputeWindowsServiceTests.Unexpected_completion_or_failure_stops_host_and_records_failure(throws: False)" computerName="DESKTOP-1LDJV2J" duration="00:00:00.0088308" startTime="2026-09-14T21:49:07.3460947-07:00" endTime="2026-09-14T21:49:07.3548608-07:00" testType="13cdc9d9-ddb5-4fa4-a97d-d965ccfc6d4b" outcome="Passed" testListId="8c84fa94-04c1-424b-9868-57a2d4851a1d" relativeResultsDirectory="8eb8f546-2a44-4090-858e-f25ab38cc030" />
    <UnitTestResult executionId="1d522807-3891-47d8-af0e-ae63769fcf17" testId="48947d6d-1456-4e0a-c4a7-a7142a2c7b3b" testName="CSweet.UnitTests.ComputeMaintenanceHostTests.Corrupt_history_fails_startup_without_resetting_journal_or_opening_credentials" computerName="DESKTOP-1LDJV2J" duration="00:00:00.3303050" startTime="2026-09-14T21:49:08.4779969-07:00" endTime="2026-09-14T21:49:08.8084968-07:00" testType="13cdc9d9-ddb5-4fa4-a97d-d965ccfc6d4b" outcome="Passed" testListId="8c84fa94-04c1-424b-9868-57a2d4851a1d" relativeResultsDirectory="1d522807-3891-47d8-af0e-ae63769fcf17" />
    <UnitTestResult executionId="8d2d6b1e-f2f4-4896-a244-8ef601d0422d" testId="7d046c64-6787-cf6d-b30f-370719e676ec" testName="CSweet.UnitTests.ComputeProviderConfigurationTests.Unknown_fields_and_oversized_files_cannot_supply_hidden_configuration" computerName="DESKTOP-1LDJV2J" duration="00:00:00.0458278" startTime="2026-09-14T21:49:07.2334014-07:00" endTime="2026-09-14T21:49:07.2839509-07:00" testType="13cdc9d9-ddb5-4fa4-a97d-d965ccfc6d4b" outcome="Passed" testListId="8c84fa94-04c1-424b-9868-57a2d4851a1d" relativeResultsDirectory="8d2d6b1e-f2f4-4896-a244-8ef601d0422d" />
    <UnitTestResult executionId="8408c20a-5169-4d50-af66-3e582f306de3" testId="e5264eab-21e7-c91a-e969-b45c1b3381be" testName="CSweet.UnitTests.ComputeWorkloadTests.Commands_are_authorized_deduplicated_and_atomically_wake_the_provider" computerName="DESKTOP-1LDJV2J" duration="00:00:00.0909768" startTime="2026-09-14T21:49:06.9044609-07:00" endTime="2026-09-14T21:49:06.9951692-07:00" testType="13cdc9d9-ddb5-4fa4-a97d-d965ccfc6d4b" outcome="Passed" testListId="8c84fa94-04c1-424b-9868-57a2d4851a1d" relativeResultsDirectory="8408c20a-5169-4d50-af66-3e582f306de3" />
    <UnitTestResult executionId="a15c8c8d-5270-4f48-9401-3dd0e005941f" testId="f63d54ec-a7f1-c75e-b6f1-fe26d14b646b" testName="CSweet.UnitTests.ComputeHyperVScriptTests.Fixed_commands_parse_in_the_actual_helper_without_executing_hypervisor_operations(name: &quot;observe&quot;)" computerName="DESKTOP-1LDJV2J" duration="00:00:00.7269513" startTime="2026-09-14T21:49:03.5824594-07:00" endTime="2026-09-14T21:49:04.3097615-07:00" testType="13cdc9d9-ddb5-4fa4-a97d-d965ccfc6d4b" outcome="Passed" testListId="8c84fa94-04c1-424b-9868-57a2d4851a1d" relativeResultsDirectory="a15c8c8d-5270-4f48-9401-3dd0e005941f" />
    <UnitTestResult executionId="f44fd456-56b7-4487-84c2-d606c23ef579" testId="76116768-122e-d4a1-fffa-483c4b697bd6" testName="CSweet.UnitTests.ComputeMaintenanceIngestorTests.Provider_outbox_recovers_a_lost_core_acknowledgement_without_duplicate_ledger_evidence" computerName="DESKTOP-1LDJV2J" duration="00:00:00.1004013" startTime="2026-09-14T21:49:09.0658993-07:00" endTime="2026-09-14T21:49:09.1664303-07:00" testType="13cdc9d9-ddb5-4fa4-a97d-d965ccfc6d4b" outcome="Passed" testListId="8c84fa94-04c1-424b-9868-57a2d4851a1d" relativeResultsDirectory="f44fd456-56b7-4487-84c2-d606c23ef579" />
    <UnitTestResult executionId="f322d788-5d59-46b9-a50b-f25564d9cc05" testId="734560e3-d60a-9406-00ce-6cbcb3af684d" testName="CSweet.UnitTests.ComputeWindowsGuestProcessTests.Native_command_preserves_argument_boundaries_and_exit_status" computerName="DESKTOP-1LDJV2J" duration="00:00:00.1905566" startTime="2026-09-14T21:49:04.5863185-07:00" endTime="2026-09-14T21:49:04.7761791-07:00" testType="13cdc9d9-ddb5-4fa4-a97d-d965ccfc6d4b" outcome="Passed" testListId="8c84fa94-04c1-424b-9868-57a2d4851a1d" relativeResultsDirectory="f322d788-5d59-46b9-a50b-f25564d9cc05" />
    <UnitTestResult executionId="2d99ff2c-d0a5-4ef4-950b-43087545f45c" testId="feb30f4e-d115-6f98-2492-635661f33e4b" testName="CSweet.UnitTests.ComputeMaintenanceHttpTests.Endpoint_rejects_plain_http_invalid_json_encoding_and_declared_or_chunked_oversize_bodies" computerName="DESKTOP-1LDJV2J" duration="00:00:04.2224533" startTime="2026-09-14T21:49:03.1267295-07:00" endTime="2026-09-14T21:49:07.3084607-07:00" testType="13cdc9d9-ddb5-4fa4-a97d-d965ccfc6d4b" outcome="Passed" testListId="8c84fa94-04c1-424b-9868-57a2d4851a1d" relativeResultsDirectory="2d99ff2c-d0a5-4ef4-950b-43087545f45c" />
    <UnitTestResult executionId="6600d45a-f950-4d79-8fb8-81ea6c181be9" testId="b929fcad-abd5-ce47-cb25-1f5337812b47" testName="CSweet.UnitTests.ComputeWorkloadDispatchTests.Published_connections_recheck_current_grants_and_exact_node_ownership" computerName="DESKTOP-1LDJV2J" duration="00:00:03.6687123" startTime="2026-09-14T21:49:03.0832648-07:00" endTime="2026-09-14T21:49:06.7280571-07:00" testType="13cdc9d9-ddb5-4fa4-a97d-d965ccfc6d4b" outcome="Passed" testListId="8c84fa94-04c1-424b-9868-57a2d4851a1d" relativeResultsDirectory="6600d45a-f950-4d79-8fb8-81ea6c181be9" />
    <UnitTestResult executionId="7a4fb142-e7b9-4d45-82cf-1b1f96f5a296" testId="b43dfe26-7213-2ba0-e673-3bbee1f585bb" testName="CSweet.UnitTests.ComputeWorkEndpointTests.Transport_rejects_invalid_requests_before_calling_service(kind: &quot;media&quot;, status: 415)" computerName="DESKTOP-1LDJV2J" duration="00:00:00.0201872" startTime="2026-09-14T21:49:03.0829832-07:00" endTime="2026-09-14T21:49:03.1258083-07:00" testType="13cdc9d9-ddb5-4fa4-a97d-d965ccfc6d4b" outcome="Passed" testListId="8c84fa94-04c1-424b-9868-57a2d4851a1d" relativeResultsDirectory="7a4fb142-e7b9-4d45-82cf-1b1f96f5a296" />
    <UnitTestResult executionId="09287bcd-4b3c-4230-b5ff-7f48444a80cf" testId="47b6b02e-3662-b00b-8600-ea52a44209ab" testName="CSweet.UnitTests.ComputeRecoverySupervisorTests.Shutdown_joins_inflight_recovery_and_retains_pending_evidence" computerName="DESKTOP-1LDJV2J" duration="00:00:00.2590459" startTime="2026-09-14T21:49:06.9870842-07:00" endTime="2026-09-14T21:49:07.2470909-07:00" testType="13cdc9d9-ddb5-4fa4-a97d-d965ccfc6d4b" outcome="Passed" testListId="8c84fa94-04c1-424b-9868-57a2d4851a1d" relativeResultsDirectory="09287bcd-4b3c-4230-b5ff-7f48444a80cf" />
    <UnitTestResult executionId="312804b7-4eb7-46d6-afb0-577bbc796386" testId="bd4a1276-091a-04a8-2a82-c6ffa2c3a44d" testName="CSweet.UnitTests.ComputeSdkContractTests.Typed_sdk_provisions_reads_lists_and_destroys_through_the_current_broker_and_MCP_schemas(lifetime: 0)" computerName="DESKTOP-1LDJV2J" duration="00:00:03.6645480" startTime="2026-09-14T21:49:03.0831019-07:00" endTime="2026-09-14T21:49:06.7239822-07:00" testType="13cdc9d9-ddb5-4fa4-a97d-d965ccfc6d4b" outcome="Passed" testListId="8c84fa94-04c1-424b-9868-57a2d4851a1d" relativeResultsDirectory="312804b7-4eb7-46d6-afb0-577bbc796386" />
    <UnitTestResult executionId="978eab1d-d541-4f2d-b970-803efa7fb442" testId="d24bed11-604e-66ab-c20a-e56645ec644a" testName="CSweet.UnitTests.ComputeProviderWakeEndpointTests.Wake_rechecks_current_enrollment_and_returns_no_execution_authority(scenario: &quot;expired&quot;)" computerName="DESKTOP-1LDJV2J" duration="00:00:01.3461383" startTime="2026-09-14T21:49:05.2742621-07:00" endTime="2026-09-14T21:49:06.6205106-07:00" testType="13cdc9d9-ddb5-4fa4-a97d-d965ccfc6d4b" outcome="Passed" testListId="8c84fa94-04c1-424b-9868-57a2d4851a1d" relativeResultsDirectory="978eab1d-d541-4f2d-b970-803efa7fb442" />
    <UnitTestResult executionId="86cb1430-28c1-4b6f-8fae-c4fee26f708b" testId="250cbc53-cdfc-c880-ed1d-b435474a4caa" testName="CSweet.UnitTests.ComputeRuntimeVerifierTests.Provider_rejects_tampering_and_signed_but_forbidden_shapes(scenario: &quot;specification&quot;)" computerName="DESKTOP-1LDJV2J" duration="00:00:00.1422621" startTime="2026-09-14T21:49:07.5831235-07:00" endTime="2026-09-14T21:49:07.7252804-07:00" testType="13cdc9d9-ddb5-4fa4-a97d-d965ccfc6d4b" outcome="Passed" testListId="8c84fa94-04c1-424b-9868-57a2d4851a1d" relativeResultsDirectory="86cb1430-28c1-4b6f-8fae-c4fee26f708b" />
    <UnitTestResult executionId="ee6a7b10-a23c-4995-b16d-27024c27fef1" testId="b536a5be-bb01-f1f2-7280-515614e49b2c" testName="CSweet.UnitTests.ComputeProviderWakeEndpointTests.Wake_rechecks_current_enrollment_and_returns_no_execution_authority(scenario: &quot;valid&quot;)" computerName="DESKTOP-1LDJV2J" duration="00:00:00.0516594" startTime="2026-09-14T21:49:06.7252472-07:00" endTime="2026-09-14T21:49:06.7764430-07:00" testType="13cdc9d9-ddb5-4fa4-a97d-d965ccfc6d4b" outcome="Passed" testListId="8c84fa94-04c1-424b-9868-57a2d4851a1d" relativeResultsDirectory="ee6a7b10-a23c-4995-b16d-27024c27fef1" />
    <UnitTestResult executionId="f02205da-0a88-47a8-96ad-325a608be8be" testId="607eaf69-7c9d-6774-2436-5d44f0352087" testName="CSweet.UnitTests.ComputePolicyTests.Separate_action_does_not_override_ports_or_network_constraints" computerName="DESKTOP-1LDJV2J" duration="00:00:00.0007755" startTime="2026-09-14T21:49:07.5681129-07:00" endTime="2026-09-14T21:49:07.5681646-07:00" testType="13cdc9d9-ddb5-4fa4-a97d-d965ccfc6d4b" outcome="Passed" testListId="8c84fa94-04c1-424b-9868-57a2d4851a1d" relativeResultsDirectory="f02205da-0a88-47a8-96ad-325a608be8be" />
    <UnitTestResult executionId="c7750c83-352f-4e41-b165-c07ea4960d98" testId="f26c4cc6-c8b8-85f3-8207-486f2ec5863d" testName="CSweet.UnitTests.ComputeResultHttpClientTests.Delivery_never_acknowledges_unmatched_or_invalid_response(mode: &quot;encoded&quot;)" computerName="DESKTOP-1LDJV2J" duration="00:00:00.0786220" startTime="2026-09-14T21:49:07.8814647-07:00" endTime="2026-09-14T21:49:07.9592423-07:00" testType="13cdc9d9-ddb5-4fa4-a97d-d965ccfc6d4b" outcome="Passed" testListId="8c84fa94-04c1-424b-9868-57a2d4851a1d" relativeResultsDirectory="c7750c83-352f-4e41-b165-c07ea4960d98" />
    <UnitTestResult executionId="e2601685-1c56-4a4e-9ffa-cb6fd91080ee" testId="a979e21b-ea65-bf48-6e3f-d379d9c573ef" testName="CSweet.UnitTests.ComputeGuestCommandTests.Paths_are_validated_for_guest_platform(os: &quot;windows&quot;, executable: &quot;\\\\?\\C:\\tool.exe&quot;, directory: &quot;D:/work&quot;, valid: False)" computerName="DESKTOP-1LDJV2J" duration="00:00:00.0000229" startTime="2026-09-14T21:49:03.0962665-07:00" endTime="2026-09-14T21:49:03.0963032-07:00" testType="13cdc9d9-ddb5-4fa4-a97d-d965ccfc6d4b" outcome="Passed" testListId="8c84fa94-04c1-424b-9868-57a2d4851a1d" relativeResultsDirectory="e2601685-1c56-4a4e-9ffa-cb6fd91080ee" />
    <UnitTestResult executionId="360abf09-4358-4613-8b90-647a1168f743" testId="102a96d6-6928-6e5c-b0ae-8315f1962a78" testName="CSweet.UnitTests.ComputeMaintenanceDeliveryWorkerTests.Journal_failure_escapes_to_supervision_without_network_retry(malformed: False)" computerName="DESKTOP-1LDJV2J" duration="00:00:00.1922557" startTime="2026-09-14T21:49:07.5189675-07:00" endTime="2026-09-14T21:49:07.7155840-07:00" testType="13cdc9d9-ddb5-4fa4-a97d-d965ccfc6d4b" outcome="Passed" testListId="8c84fa94-04c1-424b-9868-57a2d4851a1d" relativeResultsDirectory="360abf09-4358-4613-8b90-647a1168f743" />
    <UnitTestResult executionId="5cc09cd0-010f-4d56-a022-b5993557bfb0" testId="106066af-d602-7f1a-8606-7fae145ba2d0" testName="CSweet.UnitTests.ComputeLifecycleTests.Lifecycle_records_new_generation_with_current_authority(action: &quot;compute.stop.v1&quot;, state: Ready, desired: Stopped)" computerName="DESKTOP-1LDJV2J" duration="00:00:00.0477646" startTime="2026-09-14T21:49:07.2606518-07:00" endTime="2026-09-14T21:49:07.3081806-07:00" testType="13cdc9d9-ddb5-4fa4-a97d-d965ccfc6d4b" outcome="Passed" testListId="8c84fa94-04c1-424b-9868-57a2d4851a1d" relativeResultsDirectory="5cc09cd0-010f-4d56-a022-b5993557bfb0" />
    <UnitTestResult executionId="5258ea18-bc63-4ff2-834c-3dc12d5029ac" testId="e212993b-2f7b-148b-d0fb-ec31b7bce1f9" testName="CSweet.UnitTests.ComputeCapabilityTests.Defaults_selector_returns_the_authenticated_installations_preparation_state" computerName="DESKTOP-1LDJV2J" duration="00:00:00.2003587" startTime="2026-09-14T21:49:06.9106753-07:00" endTime="2026-09-14T21:49:07.1105781-07:00" testType="13cdc9d9-ddb5-4fa4-a97d-d965ccfc6d4b" outcome="Passed" testListId="8c84fa94-04c1-424b-9868-57a2d4851a1d" relativeResultsDirectory="5258ea18-bc63-4ff2-834c-3dc12d5029ac" />
    <UnitTestResult executionId="bb77a6ef-61cc-4a20-a8f0-e6809235d27f" testId="2d7b95e1-4d11-4824-165f-1e6d0fa2df6c" testName="CSweet.UnitTests.ComputeLeaseWakeTests.Executor_wakes_its_resident_monitor_after_recording_a_new_reservation" computerName="DESKTOP-1LDJV2J" duration="00:00:00.2463374" startTime="2026-09-14T21:49:06.6628968-07:00" endTime="2026-09-14T21:49:06.9104453-07:00" testType="13cdc9d9-ddb5-4fa4-a97d-d965ccfc6d4b" outcome="Passed" testListId="8c84fa94-04c1-424b-9868-57a2d4851a1d" relativeResultsDirectory="bb77a6ef-61cc-4a20-a8f0-e6809235d27f" />
    <UnitTestResult executionId="5a81f8df-bfe3-4c62-91ca-15345eae8723" testId="7f2dc2d4-a5eb-8144-e47a-311e8e00ea57" testName="CSweet.UnitTests.ComputePolicyTests.Compute_provision_does_not_grant_network_authority(mode: Inbound, outbound: False, publish: True, missing: &quot;network.publish-port.v1&quot;)" computerName="DESKTOP-1LDJV2J" duration="00:00:00.0021311" startTime="2026-09-14T21:49:07.5653241-07:00" endTime="2026-09-14T21:49:07.5655800-07:00" testType="13cdc9d9-ddb5-4fa4-a97d-d965ccfc6d4b" outcome="Passed" testListId="8c84fa94-04c1-424b-9868-57a2d4851a1d" relativeResultsDirectory="5a81f8df-bfe3-4c62-91ca-15345eae8723" />
    <UnitTestResult executionId="306d1b5f-105d-42ad-adcd-d4a4f025463a" testId="cd8f788c-adfb-a069-b31a-b764da51a507" testName="CSweet.UnitTests.ComputeGuestExecutionFailureTests.Output_read_or_disposal_failure_never_reports_success_and_disables_readiness(disposalFailure: True)" computerName="DESKTOP-1LDJV2J" duration="00:00:00.0014566" startTime="2026-09-14T21:49:03.1395718-07:00" endTime="2026-09-14T21:49:03.1406138-07:00" testType="13cdc9d9-ddb5-4fa4-a97d-d965ccfc6d4b" outcome="Passed" testListId="8c84fa94-04c1-424b-9868-57a2d4851a1d" relativeResultsDirectory="306d1b5f-105d-42ad-adcd-d4a4f025463a" />
    <UnitTestResult executionId="8829ebd4-bfb4-44dc-bccd-e3c83ac6676d" testId="96c57128-882e-0a25-0d76-b5986b96ebfb" testName="CSweet.UnitTests.ComputeFailedProvisionCleanupTests.Expired_ready_instances_are_retired_without_releasing_unconfirmed_reservations(persistent: False, expired: False, expected: False)" computerName="DESKTOP-1LDJV2J" duration="00:00:00.0356951" startTime="2026-09-14T21:49:06.7024278-07:00" endTime="2026-09-14T21:49:06.7380365-07:00" testType="13cdc9d9-ddb5-4fa4-a97d-d965ccfc6d4b" outcome="Passed" testListId="8c84fa94-04c1-424b-9868-57a2d4851a1d" relativeResultsDirectory="8829ebd4-bfb4-44dc-bccd-e3c83ac6676d" />
    <UnitTestResult executionId="8d219a55-804a-43f0-b54d-28c30794b9c8" testId="a46aff52-d36d-7e2f-a1dd-aeb6fa48a3ae" testName="CSweet.UnitTests.ComputeWindowsGuestProcessTests.Native_command_does_not_inherit_ambient_environment" computerName="DESKTOP-1LDJV2J" duration="00:00:00.1665064" startTime="2026-09-14T21:49:04.4185392-07:00" endTime="2026-09-14T21:49:04.5850904-07:00" testType="13cdc9d9-ddb5-4fa4-a97d-d965ccfc6d4b" outcome="Passed" testListId="8c84fa94-04c1-424b-9868-57a2d4851a1d" relativeResultsDirectory="8d219a55-804a-43f0-b54d-28c30794b9c8" />
    <UnitTestResult executionId="67017979-4a0c-4467-8a6d-25bb0d72411d" testId="15c0aa33-579f-e89b-1d6e-ba979e3b6e41" testName="CSweet.UnitTests.ComputeTemplateCatalogTests.Loaded_catalog_revalidates_certification_and_materialized_content_on_use(scenario: &quot;image-changed&quot;)" computerName="DESKTOP-1LDJV2J" duration="00:00:00.2306964" startTime="2026-09-14T21:49:07.0087289-07:00" endTime="2026-09-14T21:49:07.2399458-07:00" testType="13cdc9d9-ddb5-4fa4-a97d-d965ccfc6d4b" outcome="Passed" testListId="8c84fa94-04c1-424b-9868-57a2d4851a1d" relativeResultsDirectory="67017979-4a0c-4467-8a6d-25bb0d72411d" />
    <UnitTestResult executionId="5fbb070e-283e-4f30-8f73-cd5b423ecaa3" testId="08982a15-d526-1aec-5f46-6cc126405d23" testName="CSweet.UnitTests.ComputeTemplateCatalogTests.Installed_catalog_requires_protected_unique_release_certified_entries(scenario: &quot;duplicate&quot;)" computerName="DESKTOP-1LDJV2J" duration="00:00:00.2304405" startTime="2026-09-14T21:49:07.8816591-07:00" endTime="2026-09-14T21:49:08.1115580-07:00" testType="13cdc9d9-ddb5-4fa4-a97d-d965ccfc6d4b" outcome="Passed" testListId="8c84fa94-04c1-424b-9868-57a2d4851a1d" relativeResultsDirectory="5fbb070e-283e-4f30-8f73-cd5b423ecaa3" />
    <UnitTestResult executionId="6c446d97-bb0a-4003-994a-fc898593c546" testId="5a197abb-a47b-a39e-2cc2-1d54b75349c0" testName="CSweet.UnitTests.ComputeHyperVExecutorTests.Changed_image_fails_before_host_commands_and_missing_vm_does_not_release_capacity" computerName="DESKTOP-1LDJV2J" duration="00:00:00.1866870" startTime="2026-09-14T21:49:07.1942988-07:00" endTime="2026-09-14T21:49:07.3843506-07:00" testType="13cdc9d9-ddb5-4fa4-a97d-d965ccfc6d4b" outcome="Passed" testListId="8c84fa94-04c1-424b-9868-57a2d4851a1d" relativeResultsDirectory="6c446d97-bb0a-4003-994a-fc898593c546" />
    <UnitTestResult executionId="af325405-ca53-4098-bdfa-720708c632ae" testId="92d480e2-2d91-c7bd-1dfe-a4b9c9452df7" testName="CSweet.UnitTests.ComputeCatalogInstallationTests.Installation_checks_actual_runtime_coverage_and_all_materialized_payloads(scenario: &quot;different-directory&quot;)" computerName="DESKTOP-1LDJV2J" duration="00:00:00.2114390" startTime="2026-09-14T21:49:07.0326430-07:00" endTime="2026-09-14T21:49:07.2474078-07:00" testType="13cdc9d9-ddb5-4fa4-a97d-d965ccfc6d4b" outcome="Passed" testListId="8c84fa94-04c1-424b-9868-57a2d4851a1d" relativeResultsDirectory="af325405-ca53-4098-bdfa-720708c632ae" />
    <UnitTestResult executionId="3d6c20c0-d537-4933-93ab-20e297574f9e" testId="c45e2d12-b0c3-25a4-c22e-cb5ed63854d4" testName="CSweet.UnitTests.ComputeSdkContractTests.Typed_sdk_provisions_reads_lists_and_destroys_through_the_current_broker_and_MCP_schemas(lifetime: 600)" computerName="DESKTOP-1LDJV2J" duration="00:00:00.0489498" startTime="2026-09-14T21:49:06.7241893-07:00" endTime="2026-09-14T21:49:06.7730457-07:00" testType="13cdc9d9-ddb5-4fa4-a97d-d965ccfc6d4b" outcome="Passed" testListId="8c84fa94-04c1-424b-9868-57a2d4851a1d" relativeResultsDirectory="3d6c20c0-d537-4933-93ab-20e297574f9e" />
    <UnitTestResult executionId="0c10de68-7b92-4510-9789-e5b58d955495" testId="d8ddc960-e02b-33ea-011d-ed96d09b9ca7" testName="CSweet.UnitTests.ComputeLeaseMonitorTests.Startup_recovers_expired_leases_without_a_notification_or_core_connection(persistent: True)" computerName="DESKTOP-1LDJV2J" duration="00:00:00.0728659" startTime="2026-09-14T21:49:08.8542963-07:00" endTime="2026-09-14T21:49:08.9266892-07:00" testType="13cdc9d9-ddb5-4fa4-a97d-d965ccfc6d4b" outcome="Passed" testListId="8c84fa94-04c1-424b-9868-57a2d4851a1d" relativeResultsDirectory="0c10de68-7b92-4510-9789-e5b58d955495" />
    <UnitTestResult executionId="4862d240-3fc6-4a1f-855e-9e792d1ed4d6" testId="a00f968f-8561-091d-3c9e-83ae0ee94cdb" testName="CSweet.UnitTests.ComputeWorkEndpointTests.Transport_rejects_invalid_requests_before_calling_service(kind: &quot;streamed&quot;, status: 413)" computerName="DESKTOP-1LDJV2J" duration="00:00:00.0006334" startTime="2026-09-14T21:49:03.1258932-07:00" endTime="2026-09-14T21:49:03.1259994-07:00" testType="13cdc9d9-ddb5-4fa4-a97d-d965ccfc6d4b" outcome="Passed" testListId="8c84fa94-04c1-424b-9868-57a2d4851a1d" relativeResultsDirectory="4862d240-3fc6-4a1f-855e-9e792d1ed4d6" />
    <UnitTestResult executionId="ad8d21c5-27e8-4bd1-ad68-9257322c6507" testId="95c96bc5-5cf2-6f7b-ee8c-890b68945ad1" testName="CSweet.UnitTests.ComputeGuestExecutionTests.Parent_exit_stops_descendants_before_waiting_for_their_output_handles" computerName="DESKTOP-1LDJV2J" duration="00:00:00.0023526" startTime="2026-09-14T21:49:04.3139116-07:00" endTime="2026-09-14T21:49:04.3163901-07:00" testType="13cdc9d9-ddb5-4fa4-a97d-d965ccfc6d4b" outcome="Passed" testListId="8c84fa94-04c1-424b-9868-57a2d4851a1d" relativeResultsDirectory="ad8d21c5-27e8-4bd1-ad68-9257322c6507" />
    <UnitTestResult executionId="07ec4fde-b877-42b5-b8eb-14f0f2f7f13d" testId="ed4232df-d365-df05-ce6c-97caeae2c312" testName="CSweet.UnitTests.ComputeHyperVTests.Clean_machine_uses_one_private_os_disk_and_explicit_firmware(os: &quot;windows&quot;, firmware: &quot;MicrosoftWindows&quot;)" computerName="DESKTOP-1LDJV2J" duration="00:00:00.0005243" startTime="2026-09-14T21:49:07.8152339-07:00" endTime="2026-09-14T21:49:07.8155629-07:00" testType="13cdc9d9-ddb5-4fa4-a97d-d965ccfc6d4b" outcome="Passed" testListId="8c84fa94-04c1-424b-9868-57a2d4851a1d" relativeResultsDirectory="07ec4fde-b877-42b5-b8eb-14f0f2f7f13d" />
    <UnitTestResult executionId="31801998-b2eb-419a-9925-7ecff1ae8582" testId="fb9bfc0c-b1c4-2f0a-cffe-6c7fa79547f4" testName="CSweet.UnitTests.ComputeGuestConnectionTests.Wrong_command_identity_is_rejected_without_reconnecting" computerName="DESKTOP-1LDJV2J" duration="00:00:00.0124563" startTime="2026-09-14T21:49:07.4178491-07:00" endTime="2026-09-14T21:49:07.4344320-07:00" testType="13cdc9d9-ddb5-4fa4-a97d-d965ccfc6d4b" outcome="Passed" testListId="8c84fa94-04c1-424b-9868-57a2d4851a1d" relativeResultsDirectory="31801998-b2eb-419a-9925-7ecff1ae8582" />
    <UnitTestResult executionId="d52a196b-483f-47c2-bf6d-d4417228b985" testId="96347652-eda3-818b-299f-0a9a098346b8" testName="CSweet.UnitTests.ComputePolicyTests.Template_request_cannot_supply_host_paths_or_commands(id: &quot;C:\\images\\windows.vhdx&quot;)" computerName="DESKTOP-1LDJV2J" duration="00:00:00.0004176" startTime="2026-09-14T21:49:07.5507086-07:00" endTime="2026-09-14T21:49:07.5511218-07:00" testType="13cdc9d9-ddb5-4fa4-a97d-d965ccfc6d4b" outcome="Passed" testListId="8c84fa94-04c1-424b-9868-57a2d4851a1d" relativeResultsDirectory="d52a196b-483f-47c2-bf6d-d4417228b985" />
    <UnitTestResult executionId="c09aff17-8156-48bc-b5d7-dbca79179107" testId="0ada950f-386d-44d7-48c5-9171e267192f" testName="CSweet.UnitTests.ComputeDashboardTests.DashboardRequiresActiveHumanMembershipAndDoesNotExposeAnotherBusiness" computerName="DESKTOP-1LDJV2J" duration="00:00:03.0731137" startTime="2026-09-14T21:49:03.5833978-07:00" endTime="2026-09-14T21:49:06.6566839-07:00" testType="13cdc9d9-ddb5-4fa4-a97d-d965ccfc6d4b" outcome="Passed" testListId="8c84fa94-04c1-424b-9868-57a2d4851a1d" relativeResultsDirectory="c09aff17-8156-48bc-b5d7-dbca79179107" />
    <UnitTestResult executionId="d0250f3b-046a-43ea-92f7-9037b01d35c9" testId="c6e1376b-0f07-0983-f77d-a62b3b7aa789" testName="CSweet.UnitTests.ComputeResultDispatcherTests.Observation_during_delivery_survives_old_acknowledgement" computerName="DESKTOP-1LDJV2J" duration="00:00:00.0628055" startTime="2026-09-14T21:49:10.1565363-07:00" endTime="2026-09-14T21:49:10.2188880-07:00" testType="13cdc9d9-ddb5-4fa4-a97d-d965ccfc6d4b" outcome="Passed" testListId="8c84fa94-04c1-424b-9868-57a2d4851a1d" relativeResultsDirectory="d0250f3b-046a-43ea-92f7-9037b01d35c9" />
    <UnitTestResult executionId="9a0ef1b9-00d0-4a1b-a62b-9f7251473d76" testId="244b14e1-0cc3-9bfc-be6e-65e594fc4b91" testName="CSweet.UnitTests.ComputeDispatchTests.Lost_response_recovers_by_observation_after_restart_even_if_agent_grant_is_revoked" computerName="DESKTOP-1LDJV2J" duration="00:00:00.0403902" startTime="2026-09-14T21:49:08.0909110-07:00" endTime="2026-09-14T21:49:08.1302066-07:00" testType="13cdc9d9-ddb5-4fa4-a97d-d965ccfc6d4b" outcome="Passed" testListId="8c84fa94-04c1-424b-9868-57a2d4851a1d" relativeResultsDirectory="9a0ef1b9-00d0-4a1b-a62b-9f7251473d76" />
    <UnitTestResult executionId="c4a07c11-74c4-4efe-86d2-4b11c713aea3" testId="f60f63a2-61c3-312c-4394-f9fe07b99b01" testName="CSweet.UnitTests.ComputeResultEndpointTests.Ingress_enforces_transport_and_body_limits(kind: &quot;declared-size&quot;, expected: 413)" computerName="DESKTOP-1LDJV2J" duration="00:00:00.0540766" startTime="2026-09-14T21:49:07.4477520-07:00" endTime="2026-09-14T21:49:07.5017362-07:00" testType="13cdc9d9-ddb5-4fa4-a97d-d965ccfc6d4b" outcome="Passed" testListId="8c84fa94-04c1-424b-9868-57a2d4851a1d" relativeResultsDirectory="c4a07c11-74c4-4efe-86d2-4b11c713aea3" />
    <UnitTestResult executionId="ee9a17b4-89aa-40d6-879d-e4d490fee19b" testId="88f5b83c-89c8-32ee-b497-a6b176f219f9" testName="CSweet.UnitTests.ComputeGuestCommandTests.Paths_are_validated_for_guest_platform(os: &quot;windows&quot;, executable: &quot;C:dotnet.exe&quot;, directory: &quot;D:/work&quot;, valid: False)" computerName="DESKTOP-1LDJV2J" duration="00:00:00.0003377" startTime="2026-09-14T21:49:03.0960870-07:00" endTime="2026-09-14T21:49:03.0961365-07:00" testType="13cdc9d9-ddb5-4fa4-a97d-d965ccfc6d4b" outcome="Passed" testListId="8c84fa94-04c1-424b-9868-57a2d4851a1d" relativeResultsDirectory="ee9a17b4-89aa-40d6-879d-e4d490fee19b" />
    <UnitTestResult executionId="891989a2-1268-4ade-915f-74716ae3001c" testId="6ebd9ba8-d180-ab9c-57b8-6747f4f84dfa" testName="CSweet.UnitTests.ComputeProviderWorkTests.Work_proof_rejects_wrong_purpose_expiry_and_ambiguous_request_shape" computerName="DESKTOP-1LDJV2J" duration="00:00:00.0689642" startTime="2026-09-14T21:49:03.0834579-07:00" endTime="2026-09-14T21:49:03.1312729-07:00" testType="13cdc9d9-ddb5-4fa4-a97d-d965ccfc6d4b" outcome="Passed" testListId="8c84fa94-04c1-424b-9868-57a2d4851a1d" relativeResultsDirectory="891989a2-1268-4ade-915f-74716ae3001c" />
    <UnitTestResult executionId="2f42b226-a68b-46fb-acbf-2d0c8306444f" testId="376329ce-d9e6-c162-d4c3-c1ce2221960c" testName="CSweet.UnitTests.ComputeResultTests.Invalid_or_untrusted_evidence_cannot_mutate_compute(scenario: &quot;undispatched&quot;)" computerName="DESKTOP-1LDJV2J" duration="00:00:00.0594838" startTime="2026-09-14T21:49:07.5278606-07:00" endTime="2026-09-14T21:49:07.5857094-07:00" testType="13cdc9d9-ddb5-4fa4-a97d-d965ccfc6d4b" outcome="Passed" testListId="8c84fa94-04c1-424b-9868-57a2d4851a1d" relativeResultsDirectory="2f42b226-a68b-46fb-acbf-2d0c8306444f" />
    <UnitTestResult executionId="69350a33-027f-4732-b016-7adc8d675eb5" testId="444c5777-5dc1-e07d-cd99-5c24d42e0367" testName="CSweet.UnitTests.ComputeMaintenanceIngestorTests.Historical_cleanup_evidence_remains_auditable_after_agent_disable_and_grant_revocation" computerName="DESKTOP-1LDJV2J" duration="00:00:00.0835812" startTime="2026-09-14T21:49:09.2397127-07:00" endTime="2026-09-14T21:49:09.3234477-07:00" testType="13cdc9d9-ddb5-4fa4-a97d-d965ccfc6d4b" outcome="Passed" testListId="8c84fa94-04c1-424b-9868-57a2d4851a1d" relativeResultsDirectory="69350a33-027f-4732-b016-7adc8d675eb5" />
    <UnitTestResult executionId="20c4a6d6-734b-49fe-9061-9db471cb864e" testId="450e11b9-47f7-0eb4-ad06-ff8e6deeb195" testName="CSweet.UnitTests.ComputeResultConnectionTests.Expiry_during_credential_open_retains_original_evidence_without_sending" computerName="DESKTOP-1LDJV2J" duration="00:00:00.1769118" startTime="2026-09-14T21:49:06.8028164-07:00" endTime="2026-09-14T21:49:06.9799502-07:00" testType="13cdc9d9-ddb5-4fa4-a97d-d965ccfc6d4b" outcome="Passed" testListId="8c84fa94-04c1-424b-9868-57a2d4851a1d" relativeResultsDirectory="20c4a6d6-734b-49fe-9061-9db471cb864e" />
    <UnitTestResult executionId="51056b1d-3a15-4244-aed2-d41c3e0e7ce4" testId="b8b35c9f-1766-b055-147a-dcfe532fb65c" testName="CSweet.UnitTests.ComputeResultConnectionTests.Owned_connection_signs_for_enrolled_identity_and_core_reconciles_exact_payload" computerName="DESKTOP-1LDJV2J" duration="00:00:00.0696171" startTime="2026-09-14T21:49:06.9801240-07:00" endTime="2026-09-14T21:49:07.0496924-07:00" testType="13cdc9d9-ddb5-4fa4-a97d-d965ccfc6d4b" outcome="Passed" testListId="8c84fa94-04c1-424b-9868-57a2d4851a1d" relativeResultsDirectory="51056b1d-3a15-4244-aed2-d41c3e0e7ce4" />
    <UnitTestResult executionId="d7d22721-7c55-4bb5-9d0e-eb200d21f843" testId="2c872e36-c65c-c375-3822-88f8594db092" testName="CSweet.UnitTests.ComputeReplayJournalTests.Separate_journal_instances_serialize_the_entire_effect_and_duplicate_observes" computerName="DESKTOP-1LDJV2J" duration="00:00:00.2361237" startTime="2026-09-14T21:49:07.2502355-07:00" endTime="2026-09-14T21:49:07.4854801-07:00" testType="13cdc9d9-ddb5-4fa4-a97d-d965ccfc6d4b" outcome="Passed" testListId="8c84fa94-04c1-424b-9868-57a2d4851a1d" relativeResultsDirectory="d7d22721-7c55-4bb5-9d0e-eb200d21f843" />
    <UnitTestResult executionId="a1c3da2a-4e1f-42e7-9059-84656df6ae91" testId="18dc6d55-9206-a31f-aecc-aa9ac3ba6607" testName="CSweet.UnitTests.ComputePostgresTests.Provider_discovery_cursor_and_expired_receipts_execute_with_relational_scope_filters" computerName="DESKTOP-1LDJV2J" duration="00:00:00.0010000" startTime="2026-09-14T21:49:07.5784234-07:00" endTime="2026-09-14T21:49:07.5784555-07:00" testType="13cdc9d9-ddb5-4fa4-a97d-d965ccfc6d4b" outcome="NotExecuted" testListId="8c84fa94-04c1-424b-9868-57a2d4851a1d" relativeResultsDirectory="a1c3da2a-4e1f-42e7-9059-84656df6ae91">
      <Output>
        <ErrorInfo>
          <Message>Set CSWEET_COMPUTE_TEST_DATABASE to a disposable loopback PostgreSQL server.</Message>
        </ErrorInfo>
      </Output>
    </UnitTestResult>
    <UnitTestResult executionId="9fcffecd-f6a3-4688-9c11-60887f928fd5" testId="cc9e2657-1c5b-d55c-db0c-cabf2f1601fa" testName="CSweet.UnitTests.ComputeWorkRecoveryHttpTests.Real_https_work_client_refuses_redirect_and_revoked_node_has_no_claim_effect" computerName="DESKTOP-1LDJV2J" duration="00:00:04.2145765" startTime="2026-09-14T21:49:03.0831415-07:00" endTime="2026-09-14T21:49:07.2788953-07:00" testType="13cdc9d9-ddb5-4fa4-a97d-d965ccfc6d4b" outcome="Passed" testListId="8c84fa94-04c1-424b-9868-57a2d4851a1d" relativeResultsDirectory="9fcffecd-f6a3-4688-9c11-60887f928fd5" />
    <UnitTestResult executionId="675eec58-08a0-415a-806a-b0e645446d62" testId="21718f5e-9f27-d76e-78c6-a7430a706d5c" testName="CSweet.UnitTests.ComputeRuntimeVerifierTests.Observation_recovery_is_distinct_from_mutation_and_has_no_template_or_grants" computerName="DESKTOP-1LDJV2J" duration="00:00:00.1292940" startTime="2026-09-14T21:49:07.0508379-07:00" endTime="2026-09-14T21:49:07.1801860-07:00" testType="13cdc9d9-ddb5-4fa4-a97d-d965ccfc6d4b" outcome="Passed" testListId="8c84fa94-04c1-424b-9868-57a2d4851a1d" relativeResultsDirectory="675eec58-08a0-415a-806a-b0e645446d62" />
    <UnitTestResult executionId="1791fbc9-6933-4b33-8474-4c8c758ad3fc" testId="e1f32091-6b9b-c3ab-c012-e36302d07471" testName="CSweet.UnitTests.ComputeWakeHttpTests.Authenticated_https_notification_wakes_intake_without_claiming_work" computerName="DESKTOP-1LDJV2J" duration="00:00:04.2151411" startTime="2026-09-14T21:49:03.0835950-07:00" endTime="2026-09-14T21:49:07.2791914-07:00" testType="13cdc9d9-ddb5-4fa4-a97d-d965ccfc6d4b" outcome="Passed" testListId="8c84fa94-04c1-424b-9868-57a2d4851a1d" relativeResultsDirectory="1791fbc9-6933-4b33-8474-4c8c758ad3fc" />
    <UnitTestResult executionId="b2fd9fc0-e24e-4db8-adb8-5af62d319274" testId="16f6d4e8-f954-9b46-ea48-5b2a98addd82" testName="CSweet.UnitTests.ComputeLifecycleTests.Destroy_fences_pending_provision_without_claiming_physical_teardown_and_replays_after_restart" computerName="DESKTOP-1LDJV2J" duration="00:00:00.0882139" startTime="2026-09-14T21:49:07.3931727-07:00" endTime="2026-09-14T21:49:07.4812522-07:00" testType="13cdc9d9-ddb5-4fa4-a97d-d965ccfc6d4b" outcome="Passed" testListId="8c84fa94-04c1-424b-9868-57a2d4851a1d" relativeResultsDirectory="b2fd9fc0-e24e-4db8-adb8-5af62d319274" />
    <UnitTestResult executionId="0fcf1d7d-1c25-4186-bbcd-8882df79c85b" testId="dfc97d0e-db02-14ec-001d-15083ca656ab" testName="CSweet.UnitTests.ComputeProgressRenderingTests.DownloadShowsPercentageTotalSpeedAndScopedEta" computerName="DESKTOP-1LDJV2J" duration="00:00:00.2587461" startTime="2026-09-14T21:49:06.6759234-07:00" endTime="2026-09-14T21:49:06.9347847-07:00" testType="13cdc9d9-ddb5-4fa4-a97d-d965ccfc6d4b" outcome="Passed" testListId="8c84fa94-04c1-424b-9868-57a2d4851a1d" relativeResultsDirectory="0fcf1d7d-1c25-4186-bbcd-8882df79c85b" />
    <UnitTestResult executionId="1f5ed4f7-4801-4c24-8fd1-50f6fd638adb" testId="c9a717ec-4e04-c8c3-913a-c14f788e3ecd" testName="CSweet.UnitTests.ComputeWorkloadTests.Workload_shape_and_limits_are_closed" computerName="DESKTOP-1LDJV2J" duration="00:00:00.0011324" startTime="2026-09-14T21:49:06.9953879-07:00" endTime="2026-09-14T21:49:06.9963559-07:00" testType="13cdc9d9-ddb5-4fa4-a97d-d965ccfc6d4b" outcome="Passed" testListId="8c84fa94-04c1-424b-9868-57a2d4851a1d" relativeResultsDirectory="1f5ed4f7-4801-4c24-8fd1-50f6fd638adb" />
    <UnitTestResult executionId="80923d1e-ef5f-4cab-842b-0e7fe1b7a18d" testId="cf59275e-6523-0539-ac28-76bd566aae3c" testName="CSweet.UnitTests.ComputeResultTests.Failure_and_old_generation_never_release_quota_but_current_destroy_confirmation_does" computerName="DESKTOP-1LDJV2J" duration="00:00:00.0844879" startTime="2026-09-14T21:49:07.9241741-07:00" endTime="2026-09-14T21:49:08.0069524-07:00" testType="13cdc9d9-ddb5-4fa4-a97d-d965ccfc6d4b" outcome="Passed" testListId="8c84fa94-04c1-424b-9868-57a2d4851a1d" relativeResultsDirectory="80923d1e-ef5f-4cab-842b-0e7fe1b7a18d" />
    <UnitTestResult executionId="035e6d55-3947-450c-bb3e-0e778b764927" testId="0625f77b-3607-ab96-77bd-babcca5ffb6e" testName="CSweet.UnitTests.ComputeResultWorkerTests.Startup_retries_lost_response_then_clears_exact_pending_result" computerName="DESKTOP-1LDJV2J" duration="00:00:00.3935981" startTime="2026-09-14T21:49:07.0918483-07:00" endTime="2026-09-14T21:49:07.4870222-07:00" testType="13cdc9d9-ddb5-4fa4-a97d-d965ccfc6d4b" outcome="Passed" testListId="8c84fa94-04c1-424b-9868-57a2d4851a1d" relativeResultsDirectory="035e6d55-3947-450c-bb3e-0e778b764927" />
    <UnitTestResult executionId="dcd15589-0d7f-45de-9b5b-75c14b090df1" testId="4075c574-ea95-89d5-5fb6-ca51bf30bd4b" testName="CSweet.UnitTests.ComputeImageCertificationTests.Independent_release_certification_binds_template_controls_payload_and_expiry(scenario: &quot;payload-path&quot;)" computerName="DESKTOP-1LDJV2J" duration="00:00:00.0509244" startTime="2026-09-14T21:49:03.0835770-07:00" endTime="2026-09-14T21:49:03.1270269-07:00" testType="13cdc9d9-ddb5-4fa4-a97d-d965ccfc6d4b" outcome="Passed" testListId="8c84fa94-04c1-424b-9868-57a2d4851a1d" relativeResultsDirectory="dcd15589-0d7f-45de-9b5b-75c14b090df1" />
    <UnitTestResult executionId="5975b152-fe41-489e-be56-94f0c52f2e3a" testId="7919135a-6e8d-d4f3-a107-361a3b9d0d83" testName="CSweet.UnitTests.ComputeCapabilityTests.Revoked_database_authority_or_ungranted_session_cannot_be_replaced_by_request_identity" computerName="DESKTOP-1LDJV2J" duration="00:00:00.0592478" startTime="2026-09-14T21:49:07.2281113-07:00" endTime="2026-09-14T21:49:07.2874507-07:00" testType="13cdc9d9-ddb5-4fa4-a97d-d965ccfc6d4b" outcome="Passed" testListId="8c84fa94-04c1-424b-9868-57a2d4851a1d" relativeResultsDirectory="5975b152-fe41-489e-be56-94f0c52f2e3a" />
    <UnitTestResult executionId="c2300b95-5e82-4c30-be9b-97bd5d6df88e" testId="54e443e8-f518-2e52-3968-0f852231c43c" testName="CSweet.UnitTests.ComputeCapabilityTests.Catalog_exposes_only_requested_capabilities_with_closed_input_schemas" computerName="DESKTOP-1LDJV2J" duration="00:00:00.0011869" startTime="2026-09-14T21:49:07.1107642-07:00" endTime="2026-09-14T21:49:07.1117517-07:00" testType="13cdc9d9-ddb5-4fa4-a97d-d965ccfc6d4b" outcome="Passed" testListId="8c84fa94-04c1-424b-9868-57a2d4851a1d" relativeResultsDirectory="c2300b95-5e82-4c30-be9b-97bd5d6df88e" />
    <UnitTestResult executionId="7cd5eea9-c489-47c3-8414-e9985e8566e8" testId="fa89cd89-cc8f-475b-5f58-c10712697a05" testName="CSweet.UnitTests.ComputePolicyTests.Resource_constraints_are_enforced_without_overflow(cpu: 2, memory: 4096, disk: 20480, gpu: 1)" computerName="DESKTOP-1LDJV2J" duration="00:00:00.0000304" startTime="2026-09-14T21:49:07.5650672-07:00" endTime="2026-09-14T21:49:07.5651220-07:00" testType="13cdc9d9-ddb5-4fa4-a97d-d965ccfc6d4b" outcome="Passed" testListId="8c84fa94-04c1-424b-9868-57a2d4851a1d" relativeResultsDirectory="7cd5eea9-c489-47c3-8414-e9985e8566e8" />
    <UnitTestResult executionId="f76c5204-80ea-4f14-9788-03064f740e95" testId="5d6bfd9a-b4f0-a29f-1aef-02c6c8f6a0af" testName="CSweet.UnitTests.ComputePolicyTests.Template_request_cannot_supply_host_paths_or_commands(id: &quot;windows;command&quot;)" computerName="DESKTOP-1LDJV2J" duration="00:00:00.0002499" startTime="2026-09-14T21:49:07.5512504-07:00" endTime="2026-09-14T21:49:07.5513975-07:00" testType="13cdc9d9-ddb5-4fa4-a97d-d965ccfc6d4b" outcome="Passed" testListId="8c84fa94-04c1-424b-9868-57a2d4851a1d" relativeResultsDirectory="f76c5204-80ea-4f14-9788-03064f740e95" />
    <UnitTestResult executionId="8d34da43-3a0e-460a-b939-3971b0e6515b" testId="7633d8a5-c9eb-af6e-cbe7-30e95315c523" testName="CSweet.UnitTests.ComputeAuthenticatedSessionTests.Wrong_session_id_and_disabled_installation_cannot_use_a_previously_issued_compute_token" computerName="DESKTOP-1LDJV2J" duration="00:00:00.0993000" startTime="2026-09-14T21:49:07.7421418-07:00" endTime="2026-09-14T21:49:07.8407287-07:00" testType="13cdc9d9-ddb5-4fa4-a97d-d965ccfc6d4b" outcome="Passed" testListId="8c84fa94-04c1-424b-9868-57a2d4851a1d" relativeResultsDirectory="8d34da43-3a0e-460a-b939-3971b0e6515b" />
    <UnitTestResult executionId="bb962adc-7de6-494f-a45d-83785ca040f5" testId="e00c43fa-6faf-3f0d-1875-e02038d1e6eb" testName="CSweet.UnitTests.ComputePolicyTests.Template_identity_and_enabled_state_are_authoritative" computerName="DESKTOP-1LDJV2J" duration="00:00:00.0004535" startTime="2026-09-14T21:49:07.5677427-07:00" endTime="2026-09-14T21:49:07.5680007-07:00" testType="13cdc9d9-ddb5-4fa4-a97d-d965ccfc6d4b" outcome="Passed" testListId="8c84fa94-04c1-424b-9868-57a2d4851a1d" relativeResultsDirectory="bb962adc-7de6-494f-a45d-83785ca040f5" />
    <UnitTestResult executionId="0ab4689e-a6aa-4235-ab84-06fc36341137" testId="21438699-9176-2ff8-f985-f3042fdc4d6e" testName="CSweet.UnitTests.ComputeTemplateCatalogTests.Installed_catalog_requires_protected_unique_release_certified_entries(scenario: &quot;valid&quot;)" computerName="DESKTOP-1LDJV2J" duration="00:00:00.2817770" startTime="2026-09-14T21:49:07.5918467-07:00" endTime="2026-09-14T21:49:07.8815056-07:00" testType="13cdc9d9-ddb5-4fa4-a97d-d965ccfc6d4b" outcome="Passed" testListId="8c84fa94-04c1-424b-9868-57a2d4851a1d" relativeResultsDirectory="0ab4689e-a6aa-4235-ab84-06fc36341137" />
    <UnitTestResult executionId="51dfff11-def4-4058-b613-bf2b2facd3a5" testId="4452ac13-7841-fa03-51f4-203eb7686ed9" testName="CSweet.UnitTests.ComputePortPublishingTests.Published_link_serves_the_live_guest_app_and_closes_on_removal(untilReleased: False)" computerName="DESKTOP-1LDJV2J" duration="00:00:02.5751474" startTime="2026-09-14T21:49:03.0818426-07:00" endTime="2026-09-14T21:49:05.6347952-07:00" testType="13cdc9d9-ddb5-4fa4-a97d-d965ccfc6d4b" outcome="Passed" testListId="8c84fa94-04c1-424b-9868-57a2d4851a1d" relativeResultsDirectory="51dfff11-def4-4058-b613-bf2b2facd3a5" />
    <UnitTestResult executionId="62df3048-bce1-49da-a799-22ce1c7b3c44" testId="98e15cce-c225-80fc-8af1-88637b084012" testName="CSweet.UnitTests.ComputeMaintenanceIngestorTests.Invalid_node_evidence_or_changed_provisioning_terms_are_rejected_and_audited(scenario: &quot;installation&quot;)" computerName="DESKTOP-1LDJV2J" duration="00:00:00.0806038" startTime="2026-09-14T21:49:08.9849303-07:00" endTime="2026-09-14T21:49:09.0657562-07:00" testType="13cdc9d9-ddb5-4fa4-a97d-d965ccfc6d4b" outcome="Passed" testListId="8c84fa94-04c1-424b-9868-57a2d4851a1d" relativeResultsDirectory="62df3048-bce1-49da-a799-22ce1c7b3c44" />
    <UnitTestResult executionId="55fbedec-4f3c-451b-9bb6-e745f89d8bd5" testId="826e9b7b-8378-4d9c-c2a9-828dbbe2737a" testName="CSweet.UnitTests.ComputeMaintenanceIngestorTests.Invalid_node_evidence_or_changed_provisioning_terms_are_rejected_and_audited(scenario: &quot;grant&quot;)" computerName="DESKTOP-1LDJV2J" duration="00:00:00.3272890" startTime="2026-09-14T21:49:07.6178172-07:00" endTime="2026-09-14T21:49:07.9458660-07:00" testType="13cdc9d9-ddb5-4fa4-a97d-d965ccfc6d4b" outcome="Passed" testListId="8c84fa94-04c1-424b-9868-57a2d4851a1d" relativeResultsDirectory="55fbedec-4f3c-451b-9bb6-e745f89d8bd5" />
    <UnitTestResult executionId="5e8532cf-fef2-4720-8108-8d65f3adee43" testId="403ba66e-47f1-5197-6d8c-dbc411a36d54" testName="CSweet.UnitTests.ComputeCatalogInstallationTests.Installation_checks_actual_runtime_coverage_and_all_materialized_payloads(scenario: &quot;changed-image&quot;)" computerName="DESKTOP-1LDJV2J" duration="00:00:00.1898849" startTime="2026-09-14T21:49:06.8423546-07:00" endTime="2026-09-14T21:49:07.0325426-07:00" testType="13cdc9d9-ddb5-4fa4-a97d-d965ccfc6d4b" outcome="Passed" testListId="8c84fa94-04c1-424b-9868-57a2d4851a1d" relativeResultsDirectory="5e8532cf-fef2-4720-8108-8d65f3adee43" />
[...]
    <TestEntry testId="9b9b6c3b-0120-cee3-f957-b9a2f0658c8f" executionId="7c8e09a6-eaca-44dc-a4b6-c09413e13083" testListId="8c84fa94-04c1-424b-9868-57a2d4851a1d" />
    <TestEntry testId="2031ecb2-9bb9-2511-9f53-da66a325711b" executionId="fa807fd8-b07e-42f3-9c66-fdebb331598e" testListId="8c84fa94-04c1-424b-9868-57a2d4851a1d" />
    <TestEntry testId="9275257d-9db4-36b0-b092-1a96616bb832" executionId="b1d4bdc7-9290-46b4-a711-49c7ed0acbdb" testListId="8c84fa94-04c1-424b-9868-57a2d4851a1d" />
    <TestEntry testId="d00546f6-0c38-b816-de7b-25682369d035" executionId="77091efd-fe82-4317-979f-a694c268cdb9" testListId="8c84fa94-04c1-424b-9868-57a2d4851a1d" />
    <TestEntry testId="1bad7201-797c-ac46-ef90-c1c363bc6e7b" executionId="a8855c51-801c-49d5-9aea-17b5110f13b3" testListId="8c84fa94-04c1-424b-9868-57a2d4851a1d" />
    <TestEntry testId="748307db-0a34-5345-0317-180bc96fe083" executionId="999802b7-cf83-40ed-9a26-5e92a6264734" testListId="8c84fa94-04c1-424b-9868-57a2d4851a1d" />
    <TestEntry testId="06bb44d0-8840-bc5e-9bd0-1c53d8a28499" executionId="c6f2c717-689c-4759-95fe-037926c5b1fa" testListId="8c84fa94-04c1-424b-9868-57a2d4851a1d" />
    <TestEntry testId="f16d0cb8-b307-0d61-c59d-6af06c4234e8" executionId="6b7f68a1-2992-4605-8da1-e0ca26441f1a" testListId="8c84fa94-04c1-424b-9868-57a2d4851a1d" />
    <TestEntry testId="46bf03d8-580c-dffa-dafa-1c9b62df46ce" executionId="25589328-de9d-4e66-8081-feae500e1aeb" testListId="8c84fa94-04c1-424b-9868-57a2d4851a1d" />
    <TestEntry testId="43713dd1-5d85-af02-2190-836fe15e1356" executionId="f9786aa3-8af4-4a67-bcd7-4b496826420b" testListId="8c84fa94-04c1-424b-9868-57a2d4851a1d" />
    <TestEntry testId="316f6223-a0b1-32f4-068c-4c3e5e306841" executionId="31ad3ae1-2547-4825-89e6-a376855b91f9" testListId="8c84fa94-04c1-424b-9868-57a2d4851a1d" />
    <TestEntry testId="6d98fe30-3e9d-303c-aa2a-28a4956ff608" executionId="647c7b9b-6777-48ac-b6f4-c63ec5eab774" testListId="8c84fa94-04c1-424b-9868-57a2d4851a1d" />
    <TestEntry testId="746ba96b-662a-f2e4-1900-2ec266c430ca" executionId="9463b443-0a26-45d5-8265-b7ccdd34fade" testListId="8c84fa94-04c1-424b-9868-57a2d4851a1d" />
    <TestEntry testId="d9342f84-cf9f-d0c8-045c-ade0cca6dce4" executionId="6c58bba9-1782-4789-bfdf-612a50318d95" testListId="8c84fa94-04c1-424b-9868-57a2d4851a1d" />
    <TestEntry testId="5d95939d-8690-0287-5c1f-c59f048064c7" executionId="5963f698-441f-46f2-a2f6-9728f09f1d7d" testListId="8c84fa94-04c1-424b-9868-57a2d4851a1d" />
    <TestEntry testId="2c821a98-3c58-f559-1971-ed2f7718c488" executionId="647e2865-de4a-4108-a456-832258826643" testListId="8c84fa94-04c1-424b-9868-57a2d4851a1d" />
    <TestEntry testId="b23b5d0a-02f0-ab8e-b2ed-f05bee40b663" executionId="3f1fe8b2-9ec8-47ee-92a3-74e91fa01698" testListId="8c84fa94-04c1-424b-9868-57a2d4851a1d" />
    <TestEntry testId="6cd5f3eb-64c3-f603-79e1-ac728358f5ef" executionId="d7d192d5-b522-4278-8653-30fe60dad435" testListId="8c84fa94-04c1-424b-9868-57a2d4851a1d" />
    <TestEntry testId="b7089471-ba70-6530-b0cc-ac12955c2fc7" executionId="e7698d23-af54-4287-8cbe-27b542079127" testListId="8c84fa94-04c1-424b-9868-57a2d4851a1d" />
    <TestEntry testId="473f7d0d-abea-3347-9e1c-0bf6e9c7f2f3" executionId="78badd9d-461f-4d65-9f6b-264870e11f54" testListId="8c84fa94-04c1-424b-9868-57a2d4851a1d" />
    <TestEntry testId="8932d6da-012b-17d8-992c-8ac491fddb49" executionId="3973f883-41ea-4573-a022-6b2dc3e86691" testListId="8c84fa94-04c1-424b-9868-57a2d4851a1d" />
    <TestEntry testId="207f0405-7457-beb5-f6ab-662a131e0e44" executionId="5801ce2f-2d78-4c3d-8e5f-40b57f9582e2" testListId="8c84fa94-04c1-424b-9868-57a2d4851a1d" />
    <TestEntry testId="9cef130e-25fd-eb88-1627-1853fabaae9e" executionId="91c2f5b6-5a45-484c-8154-c19bfb5b499a" testListId="8c84fa94-04c1-424b-9868-57a2d4851a1d" />
    <TestEntry testId="5a582d7e-9ca3-7d55-e8dc-153fd392a2fb" executionId="37ad1630-83fc-4839-93da-f3ad996a1ec8" testListId="8c84fa94-04c1-424b-9868-57a2d4851a1d" />
    <TestEntry testId="f6878288-cd3f-e3fc-7dd9-66572434a07a" executionId="4aa8b069-7efe-4a36-8334-51a9680e710a" testListId="8c84fa94-04c1-424b-9868-57a2d4851a1d" />
    <TestEntry testId="d372888d-62bf-2c6b-7eb4-c639e3f05416" executionId="e4234eec-8cfd-4afe-bf2a-3d531576b3e4" testListId="8c84fa94-04c1-424b-9868-57a2d4851a1d" />
    <TestEntry testId="e6c4d619-a941-e4d6-fef1-e2a26a75be47" executionId="6e4acdcb-6dc9-41a4-b303-52bfeb08c437" testListId="8c84fa94-04c1-424b-9868-57a2d4851a1d" />
    <TestEntry testId="07337a06-f2b1-acc8-3b70-6363842558b6" executionId="79416f72-3f58-4a63-980e-d46750300315" testListId="8c84fa94-04c1-424b-9868-57a2d4851a1d" />
    <TestEntry testId="88601d83-71c7-5c4b-7fcf-51140e93d911" executionId="75c6f41a-d165-4025-bde2-832c9bbddf16" testListId="8c84fa94-04c1-424b-9868-57a2d4851a1d" />
    <TestEntry testId="e6d2ee99-b174-f50b-9229-0448a6e6e854" executionId="5a5778ab-6317-499e-abea-5727860e2408" testListId="8c84fa94-04c1-424b-9868-57a2d4851a1d" />
    <TestEntry testId="248b0517-6e15-9500-b738-b7d3dc7669f3" executionId="028f604a-d59f-4bc8-948c-f22befd0270f" testListId="8c84fa94-04c1-424b-9868-57a2d4851a1d" />
    <TestEntry testId="0bd3b26f-cc80-6dba-90a7-52b244fe3931" executionId="e8df5303-daa1-432b-a285-ee8cf70882ac" testListId="8c84fa94-04c1-424b-9868-57a2d4851a1d" />
    <TestEntry testId="199fc878-30bc-0391-1616-da413d13c21a" executionId="febf3c4c-8283-40ef-994e-7c27dc458a85" testListId="8c84fa94-04c1-424b-9868-57a2d4851a1d" />
    <TestEntry testId="204f8f23-62bf-d2b7-1749-c4231aff95a2" executionId="aca4d0d8-72c8-4521-a778-3e269762427f" testListId="8c84fa94-04c1-424b-9868-57a2d4851a1d" />
    <TestEntry testId="2cf20229-e1d9-a3b2-418c-9896c7f1bfeb" executionId="9f67e0c7-f80e-432d-8346-0e990a412b83" testListId="8c84fa94-04c1-424b-9868-57a2d4851a1d" />
    <TestEntry testId="dd2eec69-9ba9-5e13-e8e6-fba741224c87" executionId="6567dbb7-4eb2-413c-9898-588caa898f5c" testListId="8c84fa94-04c1-424b-9868-57a2d4851a1d" />
    <TestEntry testId="8c17f0b4-dfde-d4c7-fa3c-2fd1c6195a9c" executionId="8723d84d-45c9-4c28-bb14-c57ddaae1a45" testListId="8c84fa94-04c1-424b-9868-57a2d4851a1d" />
    <TestEntry testId="d1dc0c7c-c865-354c-eb8d-3bf8e599660d" executionId="162bb5f4-abf6-4002-973a-8066ed026d7e" testListId="8c84fa94-04c1-424b-9868-57a2d4851a1d" />
    <TestEntry testId="e3b21877-8773-2382-879d-728001f8b028" executionId="e29e486e-3c77-4450-9456-ede99ee50289" testListId="8c84fa94-04c1-424b-9868-57a2d4851a1d" />
    <TestEntry testId="0fbd0d8f-fb80-2c45-9d5b-631ceb543c41" executionId="3dbdb831-0be2-427b-baa0-f0d312889e5f" testListId="8c84fa94-04c1-424b-9868-57a2d4851a1d" />
    <TestEntry testId="635c1787-61eb-6f45-a540-df8b2a5a2c9f" executionId="66687342-25bf-4654-98e5-b0909e6237f2" testListId="8c84fa94-04c1-424b-9868-57a2d4851a1d" />
    <TestEntry testId="5d013164-ef24-0d67-b3c3-57a132f562e3" executionId="427fc20c-0982-4bb3-8817-a17a3210e592" testListId="8c84fa94-04c1-424b-9868-57a2d4851a1d" />
    <TestEntry testId="60d5fe1d-4d49-4a02-3bb5-d6e78bb07560" executionId="46a44cb3-c8c2-49ca-a5e6-2d3d06d79624" testListId="8c84fa94-04c1-424b-9868-57a2d4851a1d" />
    <TestEntry testId="0cb01768-4294-7f5d-875c-fe95641736ca" executionId="47914f82-4066-42be-95b8-f8fc38e3c7c4" testListId="8c84fa94-04c1-424b-9868-57a2d4851a1d" />
    <TestEntry testId="e1f266a7-5e9f-adcd-e9df-724d4b44dc96" executionId="c644ad1d-57d7-4345-8977-d67a406c252a" testListId="8c84fa94-04c1-424b-9868-57a2d4851a1d" />
    <TestEntry testId="c89b0b4a-b9ee-cc7f-f971-22df18a873e9" executionId="bf014e1f-ee6a-4ba4-aec9-e5dc65a80e13" testListId="8c84fa94-04c1-424b-9868-57a2d4851a1d" />
    <TestEntry testId="0e4a49ee-8f77-a8ad-13e5-8cc8787faaf6" executionId="4355bdf3-0dbb-40da-b447-65ec44ae2f03" testListId="8c84fa94-04c1-424b-9868-57a2d4851a1d" />
    <TestEntry testId="e04a0f6a-a616-c339-d6c4-ac4598537809" executionId="c9a908d1-6162-4c98-b12d-70e6967c8324" testListId="8c84fa94-04c1-424b-9868-57a2d4851a1d" />
    <TestEntry testId="693e64f8-bceb-2a67-c01f-dcd048723ab2" executionId="63f1e9ce-4aa9-4ca6-9155-cacba7a7d6cb" testListId="8c84fa94-04c1-424b-9868-57a2d4851a1d" />
    <TestEntry testId="f915a06e-fd46-71eb-2a14-8a581062c18d" executionId="fefef718-c01b-4570-ae6c-e04985b30542" testListId="8c84fa94-04c1-424b-9868-57a2d4851a1d" />
    <TestEntry testId="dffd539e-f6b2-f29c-13b4-2a638679f58c" executionId="62a76664-6a39-41d1-b016-018a56c32d35" testListId="8c84fa94-04c1-424b-9868-57a2d4851a1d" />
    <TestEntry testId="c19ede19-bfa1-d123-5035-b6ae6c540267" executionId="1d15f590-12bb-4343-8791-96a172ed7785" testListId="8c84fa94-04c1-424b-9868-57a2d4851a1d" />
    <TestEntry testId="ead5f4af-d5d0-71a4-b4f4-d751cc2aff34" executionId="487d2867-b1fa-4500-8536-3c934d5f36d4" testListId="8c84fa94-04c1-424b-9868-57a2d4851a1d" />
    <TestEntry testId="3c9d2b68-3d02-ffde-c94b-baf32b744812" executionId="5388f02e-b0ff-4df4-9e75-bb5e1154fc08" testListId="8c84fa94-04c1-424b-9868-57a2d4851a1d" />
    <TestEntry testId="f5a16dbd-08d4-5183-ae59-4102eb4efbd3" executionId="ee7bafbf-e530-4393-86ca-210ae8af6565" testListId="8c84fa94-04c1-424b-9868-57a2d4851a1d" />
    <TestEntry testId="3310c8bb-c3b8-252d-a017-a4312ca0a8b3" executionId="69d4d186-c9f9-4922-9765-5f3d04faad38" testListId="8c84fa94-04c1-424b-9868-57a2d4851a1d" />
    <TestEntry testId="5b1be91f-8606-200c-a6fe-9f5c880a8449" executionId="0c65850e-6ea4-4e98-9b2b-d760a53d33b8" testListId="8c84fa94-04c1-424b-9868-57a2d4851a1d" />
    <TestEntry testId="6e59bd2d-c9e1-9928-ca9d-c432d28152c7" executionId="ba489713-a20a-46dd-a414-cdb1ad0b656f" testListId="8c84fa94-04c1-424b-9868-57a2d4851a1d" />
    <TestEntry testId="3fb9538e-0c49-0a73-1bfe-a0a561a959e3" executionId="d5be7513-1fc6-45fd-818c-6e207c822454" testListId="8c84fa94-04c1-424b-9868-57a2d4851a1d" />
    <TestEntry testId="3c6d34bc-c3c5-731b-a222-fa5992c51620" executionId="263c33b0-c35c-4777-9f17-87f41ebd205b" testListId="8c84fa94-04c1-424b-9868-57a2d4851a1d" />
    <TestEntry testId="f5c69ae4-3167-17b5-30e8-faf0b402a616" executionId="5c00b15a-3c99-46ec-9582-a000eedccbbc" testListId="8c84fa94-04c1-424b-9868-57a2d4851a1d" />
    <TestEntry testId="c5c0712a-3547-5f59-aa69-32cd963fbd31" executionId="f477704f-deca-467d-aa34-819cfe77f016" testListId="8c84fa94-04c1-424b-9868-57a2d4851a1d" />
    <TestEntry testId="92a3c33e-16b8-8823-3f07-22ac92032a35" executionId="b23fa256-6339-412d-bb8e-ef3f82f2515f" testListId="8c84fa94-04c1-424b-9868-57a2d4851a1d" />
    <TestEntry testId="996b4ef1-210a-9edf-67b6-6a4bb047a688" executionId="b8033159-5117-4a21-b566-31253c194d29" testListId="8c84fa94-04c1-424b-9868-57a2d4851a1d" />
    <TestEntry testId="a61511e2-2bb0-57b4-b559-1402bc91f68b" executionId="a20ce71a-5184-47ff-a252-a39601e85f02" testListId="8c84fa94-04c1-424b-9868-57a2d4851a1d" />
    <TestEntry testId="904833cc-d234-a3b6-1091-63f6e0b3a80f" executionId="28b7df63-f42f-4208-861b-c4f655b266c7" testListId="8c84fa94-04c1-424b-9868-57a2d4851a1d" />
    <TestEntry testId="980ac12f-d4f3-7bfc-6532-71ccd0c52b95" executionId="c77c3c41-d55d-4177-8214-d868bf2efbb5" testListId="8c84fa94-04c1-424b-9868-57a2d4851a1d" />
    <TestEntry testId="6f66dde5-012e-272a-9085-2457e1cf9724" executionId="90852b57-9eea-4469-8b8c-2aaa7ed5715a" testListId="8c84fa94-04c1-424b-9868-57a2d4851a1d" />
    <TestEntry testId="9bf95b62-6d36-5e86-6746-2936c25b0e44" executionId="8968cb19-1e03-45ee-822d-b0e07d31f250" testListId="8c84fa94-04c1-424b-9868-57a2d4851a1d" />
    <TestEntry testId="a003dd84-ac6c-9baa-e187-2cd2a1535ae1" executionId="11d089f5-a60f-4461-b796-72467e02d65e" testListId="8c84fa94-04c1-424b-9868-57a2d4851a1d" />
    <TestEntry testId="7369b9b9-0d61-f235-77e9-e70da410c560" executionId="c8443385-02d2-4dbf-a714-b4ee4de34965" testListId="8c84fa94-04c1-424b-9868-57a2d4851a1d" />
    <TestEntry testId="615f0b4b-0659-bd6b-97b2-981427e3319a" executionId="d7138401-faca-4ae6-a35e-4ecb847e1254" testListId="8c84fa94-04c1-424b-9868-57a2d4851a1d" />
    <TestEntry testId="69581a7d-7dc6-b402-d917-3815b94be0e8" executionId="2f8033ea-bfb7-46c2-8205-84523dd4fedd" testListId="8c84fa94-04c1-424b-9868-57a2d4851a1d" />
    <TestEntry testId="50eb0394-7b19-bae5-e761-f670a3b8c536" executionId="b0748863-2d4a-41fd-9b45-e6aa88285109" testListId="8c84fa94-04c1-424b-9868-57a2d4851a1d" />
    <TestEntry testId="ce9b9bb6-dea7-269e-7b5a-4bfaf33d2635" executionId="2e79cc54-b3b3-4765-90d7-dea0b138a61c" testListId="8c84fa94-04c1-424b-9868-57a2d4851a1d" />
    <TestEntry testId="31600c27-6857-ad51-e821-d67d3aa260b8" executionId="468bf543-ed3c-4d1c-b79b-841047305bb1" testListId="8c84fa94-04c1-424b-9868-57a2d4851a1d" />
    <TestEntry testId="b1b0fb14-fc08-5ea9-1322-d7e4e7959fde" executionId="78085f35-3040-4481-a543-5ead5e8eb033" testListId="8c84fa94-04c1-424b-9868-57a2d4851a1d" />
    <TestEntry testId="c21fca4b-2057-15cd-ca90-03b6850b1d9b" executionId="9098190f-7cb0-4d20-ac8a-461f31be0465" testListId="8c84fa94-04c1-424b-9868-57a2d4851a1d" />
    <TestEntry testId="e35a7be2-5807-41f8-9cd0-04c9c3d673b7" executionId="1c768c36-0e1e-4f4b-8c1c-ebe72dcaec36" testListId="8c84fa94-04c1-424b-9868-57a2d4851a1d" />
    <TestEntry testId="ac98ff40-c271-ace4-117c-a574b240a857" executionId="930051d5-4cd5-4596-815c-cf54de4b9057" testListId="8c84fa94-04c1-424b-9868-57a2d4851a1d" />
    <TestEntry testId="2a9a6245-e8e0-314c-99fc-4b116f6cc7aa" executionId="f974057e-1140-4d9e-b0bd-f91e568c00f7" testListId="8c84fa94-04c1-424b-9868-57a2d4851a1d" />
    <TestEntry testId="88557961-2b24-8961-068c-226a250c8a54" executionId="12e332df-a161-4c11-808e-977dd6374cc3" testListId="8c84fa94-04c1-424b-9868-57a2d4851a1d" />
    <TestEntry testId="2a609217-c444-7022-5194-05f330f45d4e" executionId="36f0c593-a9aa-4107-98d0-c15d5644cf4a" testListId="8c84fa94-04c1-424b-9868-57a2d4851a1d" />
    <TestEntry testId="d3d565d1-898f-804a-4420-b0512bda14ac" executionId="115d9955-bfa9-4170-9647-8bbb03076d90" testListId="8c84fa94-04c1-424b-9868-57a2d4851a1d" />
    <TestEntry testId="fde92ab6-b4af-9948-895b-cbe001b2d07d" executionId="80200737-0132-4d8f-8101-87acc69ecdbb" testListId="8c84fa94-04c1-424b-9868-57a2d4851a1d" />
  </TestEntries>
  <TestLists>
    <TestList name="Results Not in a List" id="8c84fa94-04c1-424b-9868-57a2d4851a1d" />
    <TestList name="All Loaded Results" id="19431567-8539-422a-85d7-44ee4e166bda" />
  </TestLists>
  <ResultSummary outcome="Completed">
    <Counters total="427" executed="418" passed="418" failed="0" error="0" timeout="0" aborted="0" inconclusive="0" passedButRunAborted="0" notRunnable="0" notExecuted="0" disconnected="0" warning="0" completed="0" inProgress="0" pending="0" />
    <Output>
      <StdOut>[xUnit.net 00:00:00.00] xUnit.net VSTest Adapter v3.1.5+1b188a7b0a (64-bit .NET 10.0.12)&#xD;
[xUnit.net 00:00:01.01]   Discovering: CSweet.UnitTests&#xD;
[xUnit.net 00:00:01.18]   Discovered:  CSweet.UnitTests&#xD;
[xUnit.net 00:00:01.25]   Starting:    CSweet.UnitTests&#xD;
compute-journal-initialization-failed&#xD;
[xUnit.net 00:00:05.79]       Set CSWEET_COMPUTE_TEST_DATABASE to a disposable loopback PostgreSQL server.&#xD;
[xUnit.net 00:00:05.80]       Set CSWEET_COMPUTE_TEST_DATABASE to a disposable loopback PostgreSQL server.&#xD;
[xUnit.net 00:00:05.80]       Set CSWEET_COMPUTE_TEST_DATABASE to a disposable loopback PostgreSQL server.&#xD;
[xUnit.net 00:00:05.80]       Set CSWEET_COMPUTE_TEST_DATABASE to a disposable loopback PostgreSQL server.&#xD;
[xUnit.net 00:00:05.80]       Set CSWEET_COMPUTE_TEST_DATABASE to a disposable loopback PostgreSQL server.&#xD;
[xUnit.net 00:00:05.80]       Set CSWEET_COMPUTE_TEST_DATABASE to a disposable loopback PostgreSQL server.&#xD;
Test 'CSweet.UnitTests.ComputePostgresTests.Concurrent_triggers_retry_to_one_reservation' was skipped in the test run.&#xD;
Test 'CSweet.UnitTests.ComputePostgresTests.Independent_ledger_writers_deliver_one_sealed_event' was skipped in the test run.&#xD;
Test 'CSweet.UnitTests.ComputePostgresTests.Registry_survives_restart_and_database_rejects_cross_organization_placement' was skipped in the test run.&#xD;
Test 'CSweet.UnitTests.ComputePostgresTests.Provider_wake_uniqueness_and_publication_receipts_are_relational' was skipped in the test run.&#xD;
Test 'CSweet.UnitTests.ComputePostgresTests.Concurrent_dispatch_claims_return_one_executable_packet' was skipped in the test run.&#xD;
Test 'CSweet.UnitTests.ComputePostgresTests.Result_rollback_preserves_receipt_state_audit_and_wake_for_safe_retry' was skipped in the test run.&#xD;
[xUnit.net 00:00:05.80]       Set CSWEET_COMPUTE_TEST_DATABASE to a disposable loopback PostgreSQL server.&#xD;
[xUnit.net 00:00:05.80]       Set CSWEET_COMPUTE_TEST_DATABASE to a disposable loopback PostgreSQL server.&#xD;
[xUnit.net 00:00:05.80]       Set CSWEET_COMPUTE_TEST_DATABASE to a disposable loopback PostgreSQL server.&#xD;
Test 'CSweet.UnitTests.ComputePostgresTests.Provider_discovery_cursor_and_expired_receipts_execute_with_relational_scope_filters' was skipped in the test run.&#xD;
Test 'CSweet.UnitTests.ComputePostgresTests.Failure_after_sql_save_rolls_back_reservation_operation_receipt_and_wake' was skipped in the test run.&#xD;
Test 'CSweet.UnitTests.ComputePostgresTests.Concurrent_destroy_retries_converge_on_one_generation_and_operation' was skipped in the test run.&#xD;
[xUnit.net 00:00:11.97]   Finished:    CSweet.UnitTests&#xD;
</StdOut>
    </Output>
    <RunInfos>
      <RunInfo computerName="DESKTOP-1LDJV2J" outcome="Warning" timestamp="2026-09-14T21:49:07.5743307-07:00">
        <Text>[xUnit.net 00:00:05.79]     CSweet.UnitTests.ComputePostgresTests.Concurrent_triggers_retry_to_one_reservation [SKIP]</Text>
      </RunInfo>
      <RunInfo computerName="DESKTOP-1LDJV2J" outcome="Warning" timestamp="2026-09-14T21:49:07.5764926-07:00">
        <Text>[xUnit.net 00:00:05.79]     CSweet.UnitTests.ComputePostgresTests.Independent_ledger_writers_deliver_one_sealed_event [SKIP]</Text>
      </RunInfo>
      <RunInfo computerName="DESKTOP-1LDJV2J" outcome="Warning" timestamp="2026-09-14T21:49:07.5767292-07:00">
        <Text>[xUnit.net 00:00:05.80]     CSweet.UnitTests.ComputePostgresTests.Registry_survives_restart_and_database_rejects_cross_organization_placement [SKIP]</Text>
      </RunInfo>
      <RunInfo computerName="DESKTOP-1LDJV2J" outcome="Warning" timestamp="2026-09-14T21:49:07.5769464-07:00">
        <Text>[xUnit.net 00:00:05.80]     CSweet.UnitTests.ComputePostgresTests.Provider_wake_uniqueness_and_publication_receipts_are_relational [SKIP]</Text>
      </RunInfo>
      <RunInfo computerName="DESKTOP-1LDJV2J" outcome="Warning" timestamp="2026-09-14T21:49:07.5772584-07:00">
        <Text>[xUnit.net 00:00:05.80]     CSweet.UnitTests.ComputePostgresTests.Concurrent_dispatch_claims_return_one_executable_packet [SKIP]</Text>
      </RunInfo>
      <RunInfo computerName="DESKTOP-1LDJV2J" outcome="Warning" timestamp="2026-09-14T21:49:07.5774628-07:00">
        <Text>[xUnit.net 00:00:05.80]     CSweet.UnitTests.ComputePostgresTests.Result_rollback_preserves_receipt_state_audit_and_wake_for_safe_retry [SKIP]</Text>
      </RunInfo>
      <RunInfo computerName="DESKTOP-1LDJV2J" outcome="Warning" timestamp="2026-09-14T21:49:07.5793895-07:00">
        <Text>[xUnit.net 00:00:05.80]     CSweet.UnitTests.ComputePostgresTests.Provider_discovery_cursor_and_expired_receipts_execute_with_relational_scope_filters [SKIP]</Text>
      </RunInfo>
      <RunInfo computerName="DESKTOP-1LDJV2J" outcome="Warning" timestamp="2026-09-14T21:49:07.5794193-07:00">
        <Text>[xUnit.net 00:00:05.80]     CSweet.UnitTests.ComputePostgresTests.Failure_after_sql_save_rolls_back_reservation_operation_receipt_and_wake [SKIP]</Text>
      </RunInfo>
      <RunInfo computerName="DESKTOP-1LDJV2J" outcome="Warning" timestamp="2026-09-14T21:49:07.5794412-07:00">
        <Text>[xUnit.net 00:00:05.80]     CSweet.UnitTests.ComputePostgresTests.Concurrent_destroy_retries_converge_on_one_generation_and_operation [SKIP]</Text>
      </RunInfo>
    </RunInfos>
  </ResultSummary>
</TestRun>